<?xml version="1.0" encoding="UTF-8"?>
<!-- Generated by org.testng.reporters.JUnitXMLReporter -->
<testsuite ignored="0" hostname="Vaibhav" failures="2" tests="8" name="Default test" time="46.5" errors="0" timestamp="2025-01-23T22:18:40 IST">
  <testcase classname="io.cucumber.testng.AbstractTestNGCucumberTests" name="runScenario" time="7.783"/>
  <testcase classname="io.cucumber.testng.AbstractTestNGCucumberTests" name="runScenario" time="5.076"/>
  <testcase classname="io.cucumber.testng.AbstractTestNGCucumberTests" name="runScenario" time="5.729"/>
  <testcase classname="io.cucumber.testng.AbstractTestNGCucumberTests" name="runScenario" time="6.81"/>
  <testcase classname="io.cucumber.testng.AbstractTestNGCucumberTests" name="runScenario" time="5.694"/>
  <testcase classname="io.cucumber.testng.AbstractTestNGCucumberTests" name="runScenario" time="5.251">
    <failure type="java.lang.AssertionError" message="null">
      <![CDATA[java.lang.AssertionError: null
at org.testng.Assert.fail(Assert.java:111)
at org.testng.Assert.fail(Assert.java:116)
at dsAlgoStepdefinition.DataStructureIntroductionSteps.the_user_should_able_to_see_an_error_message_in_alert_window_of_time_complexity_module(DataStructureIntroductionSteps.java:124)
at ✽.The user should able to see an error message in alert window of TimeComplexity module(file:///D:/shaalu/Eclipse%20Workspace/Main%20Project/DsAlgoQuesters/src/test/resources/dsAlgoFeatures/DataStructure.feature:38)
]]>
    </failure>
  </testcase> <!-- runScenario -->
  <testcase classname="io.cucumber.testng.AbstractTestNGCucumberTests" name="runScenario" time="4.556"/>
  <testcase classname="io.cucumber.testng.AbstractTestNGCucumberTests" name="runScenario" time="4.519">
    <failure type="java.lang.AssertionError" message="null">
      <![CDATA[java.lang.AssertionError: null
at org.testng.Assert.fail(Assert.java:111)
at org.testng.Assert.fail(Assert.java:116)
at dsAlgoStepdefinition.DataStructureIntroductionSteps.the_user_should_see_list_of_Practice_Questions_in_Practice_Questions_Page_of_TimeComplexity_module(DataStructureIntroductionSteps.java:153)
at ✽.the user should see list of Practice Questions in Practice Questions Page of TimeComplexity module(file:///D:/shaalu/Eclipse%20Workspace/Main%20Project/DsAlgoQuesters/src/test/resources/dsAlgoFeatures/DataStructure.feature:50)
]]>
    </failure>
  </testcase> <!-- runScenario -->
</testsuite> <!-- Default test -->
