<?xml version="1.0" encoding="UTF-8"?>
<!-- Generated by org.testng.reporters.JUnitXMLReporter -->
<testsuite ignored="0" hostname="Jaya" failures="5" tests="26" name="Default test" time="90.815" errors="0" timestamp="2025-01-23T10:25:08 EST">
  <testcase classname="io.cucumber.testng.AbstractTestNGCucumberTests" name="runScenario" time="3.46"/>
  <testcase classname="io.cucumber.testng.AbstractTestNGCucumberTests" name="runScenario" time="2.979"/>
  <testcase classname="io.cucumber.testng.AbstractTestNGCucumberTests" name="runScenario" time="3.503"/>
  <testcase classname="io.cucumber.testng.AbstractTestNGCucumberTests" name="runScenario" time="2.953"/>
  <testcase classname="io.cucumber.testng.AbstractTestNGCucumberTests" name="runScenario" time="3.487"/>
  <testcase classname="io.cucumber.testng.AbstractTestNGCucumberTests" name="runScenario" time="3.055"/>
  <testcase classname="io.cucumber.testng.AbstractTestNGCucumberTests" name="runScenario" time="3.22"/>
  <testcase classname="io.cucumber.testng.AbstractTestNGCucumberTests" name="runScenario" time="2.859"/>
  <testcase classname="io.cucumber.testng.AbstractTestNGCucumberTests" name="runScenario" time="3.265"/>
  <testcase classname="io.cucumber.testng.AbstractTestNGCucumberTests" name="runScenario" time="4.513"/>
  <testcase classname="io.cucumber.testng.AbstractTestNGCucumberTests" name="runScenario" time="3.903"/>
  <testcase classname="io.cucumber.testng.AbstractTestNGCucumberTests" name="runScenario" time="4.151"/>
  <testcase classname="io.cucumber.testng.AbstractTestNGCucumberTests" name="runScenario" time="4.331"/>
  <testcase classname="io.cucumber.testng.AbstractTestNGCucumberTests" name="runScenario" time="3.919"/>
  <testcase classname="io.cucumber.testng.AbstractTestNGCucumberTests" name="runScenario" time="3.909"/>
  <testcase classname="io.cucumber.testng.AbstractTestNGCucumberTests" name="runScenario" time="4.101"/>
  <testcase classname="io.cucumber.testng.AbstractTestNGCucumberTests" name="runScenario" time="3.744"/>
  <testcase classname="io.cucumber.testng.AbstractTestNGCucumberTests" name="runScenario" time="3.465">
    <failure type="java.lang.AssertionError" message="null">
      <![CDATA[java.lang.AssertionError: null
at org.testng.Assert.fail(Assert.java:111)
at org.testng.Assert.fail(Assert.java:116)
at dsAlgoStepdefinition.GraphSteps.the_user_should_see_an_error_message(GraphSteps.java:174)
at ✽.the user should see an error message(file:///C:/Users/JayaKukreti/eclipse-workspace/MainDSAlgo/DsAlgoQuesters/src/test/resources/dsAlgoFeatures/Queue.feature:98)
]]>
    </failure>
  </testcase> <!-- runScenario -->
  <testcase classname="io.cucumber.testng.AbstractTestNGCucumberTests" name="runScenario" time="3.609"/>
  <testcase classname="io.cucumber.testng.AbstractTestNGCucumberTests" name="runScenario" time="3.245"/>
  <testcase classname="io.cucumber.testng.AbstractTestNGCucumberTests" name="runScenario" time="3.157"/>
  <testcase classname="io.cucumber.testng.AbstractTestNGCucumberTests" name="runScenario" time="3.255"/>
  <testcase classname="io.cucumber.testng.AbstractTestNGCucumberTests" name="runScenario" time="2.986">
    <failure type="java.lang.NullPointerException" message="Cannot invoke &amp;quot;org.apache.poi.xssf.usermodel.XSSFSheet.getRow(int)&amp;quot; because &amp;quot;sheet&amp;quot; is null">
      <![CDATA[java.lang.NullPointerException: Cannot invoke "org.apache.poi.xssf.usermodel.XSSFSheet.getRow(int)" because "sheet" is null
at dsAlgoUtils.ExcelDataReader.DataFromExcel(ExcelDataReader.java:26)
at dsAlgoPages.QueuePage.PracticeQuestionTopics(QueuePage.java:122)
at dsAlgoStepdefinition.QueueSteps.The_user_navigates_to_Queue_Options_of_queue_page(QueueSteps.java:241)
at ✽.The user navigates to Queue Options "<Sheetname>" and 1 of queue page(file:///C:/Users/JayaKukreti/eclipse-workspace/MainDSAlgo/DsAlgoQuesters/src/test/resources/dsAlgoFeatures/Queue.feature:114)
]]>
    </failure>
  </testcase> <!-- runScenario -->
  <testcase classname="io.cucumber.testng.AbstractTestNGCucumberTests" name="runScenario" time="3.003">
    <failure type="java.lang.NullPointerException" message="Cannot invoke &amp;quot;org.apache.poi.xssf.usermodel.XSSFSheet.getRow(int)&amp;quot; because &amp;quot;sheet&amp;quot; is null">
      <![CDATA[java.lang.NullPointerException: Cannot invoke "org.apache.poi.xssf.usermodel.XSSFSheet.getRow(int)" because "sheet" is null
at dsAlgoUtils.ExcelDataReader.DataFromExcel(ExcelDataReader.java:26)
at dsAlgoPages.QueuePage.PracticeQuestionTopics(QueuePage.java:122)
at dsAlgoStepdefinition.QueueSteps.The_user_navigates_to_Queue_Options_of_queue_page(QueueSteps.java:241)
at ✽.The user navigates to Queue Options "<Sheetname>" and 2 of queue page(file:///C:/Users/JayaKukreti/eclipse-workspace/MainDSAlgo/DsAlgoQuesters/src/test/resources/dsAlgoFeatures/Queue.feature:114)
]]>
    </failure>
  </testcase> <!-- runScenario -->
  <testcase classname="io.cucumber.testng.AbstractTestNGCucumberTests" name="runScenario" time="2.921">
    <failure type="java.lang.NullPointerException" message="Cannot invoke &amp;quot;org.apache.poi.xssf.usermodel.XSSFSheet.getRow(int)&amp;quot; because &amp;quot;sheet&amp;quot; is null">
      <![CDATA[java.lang.NullPointerException: Cannot invoke "org.apache.poi.xssf.usermodel.XSSFSheet.getRow(int)" because "sheet" is null
at dsAlgoUtils.ExcelDataReader.DataFromExcel(ExcelDataReader.java:26)
at dsAlgoPages.QueuePage.PracticeQuestionTopics(QueuePage.java:122)
at dsAlgoStepdefinition.QueueSteps.The_user_navigates_to_Queue_Options_of_queue_page(QueueSteps.java:241)
at ✽.The user navigates to Queue Options "<Sheetname>" and 3 of queue page(file:///C:/Users/JayaKukreti/eclipse-workspace/MainDSAlgo/DsAlgoQuesters/src/test/resources/dsAlgoFeatures/Queue.feature:114)
]]>
    </failure>
  </testcase> <!-- runScenario -->
  <testcase classname="io.cucumber.testng.AbstractTestNGCucumberTests" name="runScenario" time="3.123">
    <failure type="java.lang.NullPointerException" message="Cannot invoke &amp;quot;org.apache.poi.xssf.usermodel.XSSFSheet.getRow(int)&amp;quot; because &amp;quot;sheet&amp;quot; is null">
      <![CDATA[java.lang.NullPointerException: Cannot invoke "org.apache.poi.xssf.usermodel.XSSFSheet.getRow(int)" because "sheet" is null
at dsAlgoUtils.ExcelDataReader.DataFromExcel(ExcelDataReader.java:26)
at dsAlgoPages.QueuePage.PracticeQuestionTopics(QueuePage.java:122)
at dsAlgoStepdefinition.QueueSteps.The_user_navigates_to_Queue_Options_of_queue_page(QueueSteps.java:241)
at ✽.The user navigates to Queue Options "<Sheetname>" and 4 of queue page(file:///C:/Users/JayaKukreti/eclipse-workspace/MainDSAlgo/DsAlgoQuesters/src/test/resources/dsAlgoFeatures/Queue.feature:114)
]]>
    </failure>
  </testcase> <!-- runScenario -->
</testsuite> <!-- Default test -->
