<?xml version="1.0" encoding="UTF-8"?>
<testng-results ignored="0" total="18" passed="18" failed="0" skipped="0">
  <reporter-output>
  </reporter-output>
  <suite started-at="2025-01-24T19:55:15 CST" name="Default suite" finished-at="2025-01-24T19:55:51 CST" duration-ms="36533">
    <groups>
      <group name="cucumber">
        <method signature="AbstractTestNGCucumberTests.runScenario(io.cucumber.testng.PickleWrapper,io.cucumber.testng.FeatureWrapper)[pri:0, instance:dsAlgoRunner.RunnerTest@4c5ae43b]" name="runScenario" class="io.cucumber.testng.AbstractTestNGCucumberTests"/>
      </group> <!-- cucumber -->
    </groups>
    <test started-at="2025-01-24T19:55:15 CST" name="Default test" finished-at="2025-01-24T19:55:51 CST" duration-ms="36533">
      <class name="dsAlgoRunner.RunnerTest">
        <test-method is-config="true" signature="setUpClass(org.testng.ITestContext)[pri:0, instance:dsAlgoRunner.RunnerTest@4c5ae43b]" started-at="2025-01-24T19:55:15 CST" name="setUpClass" finished-at="2025-01-24T19:55:15 CST" duration-ms="494" status="PASS">
          <params>
            <param index="0">
              <value>
                <![CDATA[org.testng.TestRunner@3062f9f4]]>
              </value>
            </param>
          </params>
          <reporter-output>
          </reporter-output>
        </test-method> <!-- setUpClass -->
        <test-method signature="runScenario(io.cucumber.testng.PickleWrapper,io.cucumber.testng.FeatureWrapper)[pri:0, instance:dsAlgoRunner.RunnerTest@4c5ae43b]" started-at="2025-01-24T19:55:15 CST" name="runScenario" description="Runs Cucumber Scenarios" data-provider="scenarios" finished-at="2025-01-24T19:55:34 CST" duration-ms="18456" status="PASS">
          <params>
            <param index="0">
              <value>
                <![CDATA["Verify the error message when the user clicks on the GetStarted button under all the options in Home Page without signing in"]]>
              </value>
            </param>
            <param index="1">
              <value>
                <![CDATA["Home functionality"]]>
              </value>
            </param>
          </params>
          <reporter-output>
          </reporter-output>
        </test-method> <!-- runScenario -->
        <test-method signature="runScenario(io.cucumber.testng.PickleWrapper,io.cucumber.testng.FeatureWrapper)[pri:0, instance:dsAlgoRunner.RunnerTest@4c5ae43b]" started-at="2025-01-24T19:55:15 CST" name="runScenario" description="Runs Cucumber Scenarios" data-provider="scenarios" finished-at="2025-01-24T19:55:32 CST" duration-ms="16898" status="PASS">
          <params>
            <param index="0">
              <value>
                <![CDATA["Verify the error message when the user clicks on the GetStarted button under all the options in Home Page without signing in"]]>
              </value>
            </param>
            <param index="1">
              <value>
                <![CDATA["Home functionality"]]>
              </value>
            </param>
          </params>
          <reporter-output>
          </reporter-output>
        </test-method> <!-- runScenario -->
        <test-method signature="runScenario(io.cucumber.testng.PickleWrapper,io.cucumber.testng.FeatureWrapper)[pri:0, instance:dsAlgoRunner.RunnerTest@4c5ae43b]" started-at="2025-01-24T19:55:15 CST" name="runScenario" description="Runs Cucumber Scenarios" data-provider="scenarios" finished-at="2025-01-24T19:55:34 CST" duration-ms="18606" status="PASS">
          <params>
            <param index="0">
              <value>
                <![CDATA["Verify that the user is able to Navigate to Login page"]]>
              </value>
            </param>
            <param index="1">
              <value>
                <![CDATA["Home functionality"]]>
              </value>
            </param>
          </params>
          <reporter-output>
          </reporter-output>
        </test-method> <!-- runScenario -->
        <test-method signature="runScenario(io.cucumber.testng.PickleWrapper,io.cucumber.testng.FeatureWrapper)[pri:0, instance:dsAlgoRunner.RunnerTest@4c5ae43b]" started-at="2025-01-24T19:55:15 CST" name="runScenario" description="Runs Cucumber Scenarios" data-provider="scenarios" finished-at="2025-01-24T19:55:36 CST" duration-ms="21335" status="PASS">
          <params>
            <param index="0">
              <value>
                <![CDATA["Verify the error message when the user clicks on the GetStarted button under all the options in Home Page without signing in"]]>
              </value>
            </param>
            <param index="1">
              <value>
                <![CDATA["Home functionality"]]>
              </value>
            </param>
          </params>
          <reporter-output>
          </reporter-output>
        </test-method> <!-- runScenario -->
        <test-method signature="runScenario(io.cucumber.testng.PickleWrapper,io.cucumber.testng.FeatureWrapper)[pri:0, instance:dsAlgoRunner.RunnerTest@4c5ae43b]" started-at="2025-01-24T19:55:15 CST" name="runScenario" description="Runs Cucumber Scenarios" data-provider="scenarios" finished-at="2025-01-24T19:55:32 CST" duration-ms="17000" status="PASS">
          <params>
            <param index="0">
              <value>
                <![CDATA["Verify the error message when the user clicks on the GetStarted button under all the options in Home Page without signing in"]]>
              </value>
            </param>
            <param index="1">
              <value>
                <![CDATA["Home functionality"]]>
              </value>
            </param>
          </params>
          <reporter-output>
          </reporter-output>
        </test-method> <!-- runScenario -->
        <test-method signature="runScenario(io.cucumber.testng.PickleWrapper,io.cucumber.testng.FeatureWrapper)[pri:0, instance:dsAlgoRunner.RunnerTest@4c5ae43b]" started-at="2025-01-24T19:55:15 CST" name="runScenario" description="Runs Cucumber Scenarios" data-provider="scenarios" finished-at="2025-01-24T19:55:33 CST" duration-ms="17503" status="PASS">
          <params>
            <param index="0">
              <value>
                <![CDATA["verify that user is able to navigate to homepage when clicked on getstarted button"]]>
              </value>
            </param>
            <param index="1">
              <value>
                <![CDATA["Home functionality"]]>
              </value>
            </param>
          </params>
          <reporter-output>
          </reporter-output>
        </test-method> <!-- runScenario -->
        <test-method signature="runScenario(io.cucumber.testng.PickleWrapper,io.cucumber.testng.FeatureWrapper)[pri:0, instance:dsAlgoRunner.RunnerTest@4c5ae43b]" started-at="2025-01-24T19:55:15 CST" name="runScenario" description="Runs Cucumber Scenarios" data-provider="scenarios" finished-at="2025-01-24T19:55:33 CST" duration-ms="17518" status="PASS">
          <params>
            <param index="0">
              <value>
                <![CDATA["Verify the error message when the user clicks on the GetStarted button under all the options in Home Page without signing in"]]>
              </value>
            </param>
            <param index="1">
              <value>
                <![CDATA["Home functionality"]]>
              </value>
            </param>
          </params>
          <reporter-output>
          </reporter-output>
        </test-method> <!-- runScenario -->
        <test-method signature="runScenario(io.cucumber.testng.PickleWrapper,io.cucumber.testng.FeatureWrapper)[pri:0, instance:dsAlgoRunner.RunnerTest@4c5ae43b]" started-at="2025-01-24T19:55:15 CST" name="runScenario" description="Runs Cucumber Scenarios" data-provider="scenarios" finished-at="2025-01-24T19:55:32 CST" duration-ms="16715" status="PASS">
          <params>
            <param index="0">
              <value>
                <![CDATA["Verify User is able to navigate to DsAlgo Application"]]>
              </value>
            </param>
            <param index="1">
              <value>
                <![CDATA["Home functionality"]]>
              </value>
            </param>
          </params>
          <reporter-output>
          </reporter-output>
        </test-method> <!-- runScenario -->
        <test-method signature="runScenario(io.cucumber.testng.PickleWrapper,io.cucumber.testng.FeatureWrapper)[pri:0, instance:dsAlgoRunner.RunnerTest@4c5ae43b]" started-at="2025-01-24T19:55:15 CST" name="runScenario" description="Runs Cucumber Scenarios" data-provider="scenarios" finished-at="2025-01-24T19:55:32 CST" duration-ms="17245" status="PASS">
          <params>
            <param index="0">
              <value>
                <![CDATA["Verify that the user is able to Navigate to Register page"]]>
              </value>
            </param>
            <param index="1">
              <value>
                <![CDATA["Home functionality"]]>
              </value>
            </param>
          </params>
          <reporter-output>
          </reporter-output>
        </test-method> <!-- runScenario -->
        <test-method signature="runScenario(io.cucumber.testng.PickleWrapper,io.cucumber.testng.FeatureWrapper)[pri:0, instance:dsAlgoRunner.RunnerTest@4c5ae43b]" started-at="2025-01-24T19:55:15 CST" name="runScenario" description="Runs Cucumber Scenarios" data-provider="scenarios" finished-at="2025-01-24T19:55:33 CST" duration-ms="18179" status="PASS">
          <params>
            <param index="0">
              <value>
                <![CDATA["Verify that the user sees six options under the Data Structure dropdown before logging in"]]>
              </value>
            </param>
            <param index="1">
              <value>
                <![CDATA["Home functionality"]]>
              </value>
            </param>
          </params>
          <reporter-output>
          </reporter-output>
        </test-method> <!-- runScenario -->
        <test-method signature="runScenario(io.cucumber.testng.PickleWrapper,io.cucumber.testng.FeatureWrapper)[pri:0, instance:dsAlgoRunner.RunnerTest@4c5ae43b]" started-at="2025-01-24T19:55:32 CST" name="runScenario" description="Runs Cucumber Scenarios" data-provider="scenarios" finished-at="2025-01-24T19:55:49 CST" duration-ms="17256" status="PASS">
          <params>
            <param index="0">
              <value>
                <![CDATA["Verify the error message when the user clicks on the GetStarted button under all the options in Home Page without signing in"]]>
              </value>
            </param>
            <param index="1">
              <value>
                <![CDATA["Home functionality"]]>
              </value>
            </param>
          </params>
          <reporter-output>
          </reporter-output>
        </test-method> <!-- runScenario -->
        <test-method signature="runScenario(io.cucumber.testng.PickleWrapper,io.cucumber.testng.FeatureWrapper)[pri:0, instance:dsAlgoRunner.RunnerTest@4c5ae43b]" started-at="2025-01-24T19:55:32 CST" name="runScenario" description="Runs Cucumber Scenarios" data-provider="scenarios" finished-at="2025-01-24T19:55:49 CST" duration-ms="17002" status="PASS">
          <params>
            <param index="0">
              <value>
                <![CDATA["Verify the error message when the user clicks on the GetStarted button under all the options in Home Page without signing in"]]>
              </value>
            </param>
            <param index="1">
              <value>
                <![CDATA["Home functionality"]]>
              </value>
            </param>
          </params>
          <reporter-output>
          </reporter-output>
        </test-method> <!-- runScenario -->
        <test-method signature="runScenario(io.cucumber.testng.PickleWrapper,io.cucumber.testng.FeatureWrapper)[pri:0, instance:dsAlgoRunner.RunnerTest@4c5ae43b]" started-at="2025-01-24T19:55:32 CST" name="runScenario" description="Runs Cucumber Scenarios" data-provider="scenarios" finished-at="2025-01-24T19:55:49 CST" duration-ms="16960" status="PASS">
          <params>
            <param index="0">
              <value>
                <![CDATA["Verify the error message when the user clicks on the options under DataStructure dropdown before login"]]>
              </value>
            </param>
            <param index="1">
              <value>
                <![CDATA["Home functionality"]]>
              </value>
            </param>
          </params>
          <reporter-output>
          </reporter-output>
        </test-method> <!-- runScenario -->
        <test-method signature="runScenario(io.cucumber.testng.PickleWrapper,io.cucumber.testng.FeatureWrapper)[pri:0, instance:dsAlgoRunner.RunnerTest@4c5ae43b]" started-at="2025-01-24T19:55:32 CST" name="runScenario" description="Runs Cucumber Scenarios" data-provider="scenarios" finished-at="2025-01-24T19:55:50 CST" duration-ms="18089" status="PASS">
          <params>
            <param index="0">
              <value>
                <![CDATA["Verify the error message when the user clicks on the options under DataStructure dropdown before login"]]>
              </value>
            </param>
            <param index="1">
              <value>
                <![CDATA["Home functionality"]]>
              </value>
            </param>
          </params>
          <reporter-output>
          </reporter-output>
        </test-method> <!-- runScenario -->
        <test-method signature="runScenario(io.cucumber.testng.PickleWrapper,io.cucumber.testng.FeatureWrapper)[pri:0, instance:dsAlgoRunner.RunnerTest@4c5ae43b]" started-at="2025-01-24T19:55:33 CST" name="runScenario" description="Runs Cucumber Scenarios" data-provider="scenarios" finished-at="2025-01-24T19:55:49 CST" duration-ms="16305" status="PASS">
          <params>
            <param index="0">
              <value>
                <![CDATA["Verify the error message when the user clicks on the options under DataStructure dropdown before login"]]>
              </value>
            </param>
            <param index="1">
              <value>
                <![CDATA["Home functionality"]]>
              </value>
            </param>
          </params>
          <reporter-output>
          </reporter-output>
        </test-method> <!-- runScenario -->
        <test-method signature="runScenario(io.cucumber.testng.PickleWrapper,io.cucumber.testng.FeatureWrapper)[pri:0, instance:dsAlgoRunner.RunnerTest@4c5ae43b]" started-at="2025-01-24T19:55:33 CST" name="runScenario" description="Runs Cucumber Scenarios" data-provider="scenarios" finished-at="2025-01-24T19:55:49 CST" duration-ms="16468" status="PASS">
          <params>
            <param index="0">
              <value>
                <![CDATA["Verify the error message when the user clicks on the options under DataStructure dropdown before login"]]>
              </value>
            </param>
            <param index="1">
              <value>
                <![CDATA["Home functionality"]]>
              </value>
            </param>
          </params>
          <reporter-output>
          </reporter-output>
        </test-method> <!-- runScenario -->
        <test-method signature="runScenario(io.cucumber.testng.PickleWrapper,io.cucumber.testng.FeatureWrapper)[pri:0, instance:dsAlgoRunner.RunnerTest@4c5ae43b]" started-at="2025-01-24T19:55:33 CST" name="runScenario" description="Runs Cucumber Scenarios" data-provider="scenarios" finished-at="2025-01-24T19:55:49 CST" duration-ms="15705" status="PASS">
          <params>
            <param index="0">
              <value>
                <![CDATA["Verify the error message when the user clicks on the options under DataStructure dropdown before login"]]>
              </value>
            </param>
            <param index="1">
              <value>
                <![CDATA["Home functionality"]]>
              </value>
            </param>
          </params>
          <reporter-output>
          </reporter-output>
        </test-method> <!-- runScenario -->
        <test-method signature="runScenario(io.cucumber.testng.PickleWrapper,io.cucumber.testng.FeatureWrapper)[pri:0, instance:dsAlgoRunner.RunnerTest@4c5ae43b]" started-at="2025-01-24T19:55:34 CST" name="runScenario" description="Runs Cucumber Scenarios" data-provider="scenarios" finished-at="2025-01-24T19:55:49 CST" duration-ms="15535" status="PASS">
          <params>
            <param index="0">
              <value>
                <![CDATA["Verify the error message when the user clicks on the options under DataStructure dropdown before login"]]>
              </value>
            </param>
            <param index="1">
              <value>
                <![CDATA["Home functionality"]]>
              </value>
            </param>
          </params>
          <reporter-output>
          </reporter-output>
        </test-method> <!-- runScenario -->
        <test-method is-config="true" signature="tearDownClass()[pri:0, instance:dsAlgoRunner.RunnerTest@4c5ae43b]" started-at="2025-01-24T19:55:50 CST" name="tearDownClass" finished-at="2025-01-24T19:55:51 CST" duration-ms="658" status="PASS">
          <reporter-output>
          </reporter-output>
        </test-method> <!-- tearDownClass -->
      </class> <!-- dsAlgoRunner.RunnerTest -->
    </test> <!-- Default test -->
  </suite> <!-- Default suite -->
</testng-results>
