<?xml version="1.0" encoding="UTF-8"?>
<testng-results ignored="0" total="3" passed="3" failed="0" skipped="0">
  <reporter-output>
  </reporter-output>
  <suite started-at="2025-01-18T11:41:37 CST" name="Default suite" finished-at="2025-01-18T11:41:51 CST" duration-ms="13898">
    <groups>
      <group name="cucumber">
        <method signature="AbstractTestNGCucumberTests.runScenario(io.cucumber.testng.PickleWrapper,io.cucumber.testng.FeatureWrapper)[pri:0, instance:dsAlgoRunner.RunnerTest@4c5ae43b]" name="runScenario" class="io.cucumber.testng.AbstractTestNGCucumberTests"/>
      </group> <!-- cucumber -->
    </groups>
    <test started-at="2025-01-18T11:41:37 CST" name="Default test" finished-at="2025-01-18T11:41:51 CST" duration-ms="13898">
      <class name="dsAlgoRunner.RunnerTest">
        <test-method is-config="true" signature="setUpClass(org.testng.ITestContext)[pri:0, instance:dsAlgoRunner.RunnerTest@4c5ae43b]" started-at="2025-01-18T11:41:37 CST" name="setUpClass" finished-at="2025-01-18T11:41:38 CST" duration-ms="342" status="PASS">
          <params>
            <param index="0">
              <value>
                <![CDATA[org.testng.TestRunner@19002b34]]>
              </value>
            </param>
          </params>
          <reporter-output>
          </reporter-output>
        </test-method> <!-- setUpClass -->
        <test-method signature="runScenario(io.cucumber.testng.PickleWrapper,io.cucumber.testng.FeatureWrapper)[pri:0, instance:dsAlgoRunner.RunnerTest@4c5ae43b]" started-at="2025-01-18T11:41:38 CST" name="runScenario" description="Runs Cucumber Scenarios" data-provider="scenarios" finished-at="2025-01-18T11:41:42 CST" duration-ms="4744" status="PASS">
          <params>
            <param index="0">
              <value>
                <![CDATA["Verify the user is able to navigate to the Operations in Stack in Graph page"]]>
              </value>
            </param>
            <param index="1">
              <value>
                <![CDATA["Stack functionality"]]>
              </value>
            </param>
          </params>
          <reporter-output>
          </reporter-output>
        </test-method> <!-- runScenario -->
        <test-method signature="runScenario(io.cucumber.testng.PickleWrapper,io.cucumber.testng.FeatureWrapper)[pri:0, instance:dsAlgoRunner.RunnerTest@4c5ae43b]" started-at="2025-01-18T11:41:42 CST" name="runScenario" description="Runs Cucumber Scenarios" data-provider="scenarios" finished-at="2025-01-18T11:41:47 CST" duration-ms="4853" status="PASS">
          <params>
            <param index="0">
              <value>
                <![CDATA["Verify the user is able to navigate to the Operations in Stack in Graph page"]]>
              </value>
            </param>
            <param index="1">
              <value>
                <![CDATA["Stack functionality"]]>
              </value>
            </param>
          </params>
          <reporter-output>
          </reporter-output>
        </test-method> <!-- runScenario -->
        <test-method signature="runScenario(io.cucumber.testng.PickleWrapper,io.cucumber.testng.FeatureWrapper)[pri:0, instance:dsAlgoRunner.RunnerTest@4c5ae43b]" started-at="2025-01-18T11:41:47 CST" name="runScenario" description="Runs Cucumber Scenarios" data-provider="scenarios" finished-at="2025-01-18T11:41:51 CST" duration-ms="3901" status="PASS">
          <params>
            <param index="0">
              <value>
                <![CDATA["Verify the user is able to navigate to the Operations in Stack in Graph page"]]>
              </value>
            </param>
            <param index="1">
              <value>
                <![CDATA["Stack functionality"]]>
              </value>
            </param>
          </params>
          <reporter-output>
          </reporter-output>
        </test-method> <!-- runScenario -->
        <test-method is-config="true" signature="tearDownClass()[pri:0, instance:dsAlgoRunner.RunnerTest@4c5ae43b]" started-at="2025-01-18T11:41:51 CST" name="tearDownClass" finished-at="2025-01-18T11:41:51 CST" duration-ms="29" status="PASS">
          <reporter-output>
          </reporter-output>
        </test-method> <!-- tearDownClass -->
      </class> <!-- dsAlgoRunner.RunnerTest -->
    </test> <!-- Default test -->
  </suite> <!-- Default suite -->
</testng-results>
