<?xml version="1.0" encoding="UTF-8"?>
<testng-results ignored="0" total="8" passed="6" failed="2" skipped="0">
  <reporter-output>
  </reporter-output>
  <suite started-at="2025-01-26T22:37:38 CST" name="CrossBrowserTestSuite" finished-at="2025-01-26T22:38:03 CST" duration-ms="25632">
    <groups>
      <group name="cucumber">
        <method signature="AbstractTestNGCucumberTests.runScenario(io.cucumber.testng.PickleWrapper,io.cucumber.testng.FeatureWrapper)[pri:0, instance:dsAlgoRunner.RunnerTest@452e19ca]" name="runScenario" class="io.cucumber.testng.AbstractTestNGCucumberTests"/>
      </group> <!-- cucumber -->
    </groups>
    <test started-at="2025-01-26T22:37:38 CST" name="ChromeTest" finished-at="2025-01-26T22:38:03 CST" duration-ms="25632">
      <class name="dsAlgoRunner.RunnerTest">
        <test-method is-config="true" signature="defineBrowser(java.lang.String)[pri:0, instance:dsAlgoRunner.RunnerTest@452e19ca]" started-at="2025-01-26T22:37:38 CST" name="defineBrowser" finished-at="2025-01-26T22:37:38 CST" duration-ms="20" status="PASS">
          <params>
            <param index="0">
              <value>
                <![CDATA[chrome]]>
              </value>
            </param>
          </params>
          <reporter-output>
          </reporter-output>
        </test-method> <!-- defineBrowser -->
        <test-method is-config="true" signature="setUpClass(org.testng.ITestContext)[pri:0, instance:dsAlgoRunner.RunnerTest@452e19ca]" started-at="2025-01-26T22:37:38 CST" name="setUpClass" finished-at="2025-01-26T22:37:39 CST" duration-ms="840" status="PASS">
          <params>
            <param index="0">
              <value>
                <![CDATA[org.testng.TestRunner@5be49b60]]>
              </value>
            </param>
          </params>
          <reporter-output>
          </reporter-output>
        </test-method> <!-- setUpClass -->
        <test-method signature="runScenario(io.cucumber.testng.PickleWrapper,io.cucumber.testng.FeatureWrapper)[pri:0, instance:dsAlgoRunner.RunnerTest@452e19ca]" started-at="2025-01-26T22:37:39 CST" name="runScenario" description="Runs Cucumber Scenarios" data-provider="scenarios" finished-at="2025-01-26T22:37:53 CST" duration-ms="14397" status="PASS">
          <params>
            <param index="0">
              <value>
                <![CDATA["Verify that user is able to navigate to "Time Complexity" Page"]]>
              </value>
            </param>
            <param index="1">
              <value>
                <![CDATA["DataStructure functionality"]]>
              </value>
            </param>
          </params>
          <reporter-output>
          </reporter-output>
        </test-method> <!-- runScenario -->
        <test-method signature="runScenario(io.cucumber.testng.PickleWrapper,io.cucumber.testng.FeatureWrapper)[pri:0, instance:dsAlgoRunner.RunnerTest@452e19ca]" started-at="2025-01-26T22:37:39 CST" name="runScenario" description="Runs Cucumber Scenarios" data-provider="scenarios" finished-at="2025-01-26T22:37:54 CST" duration-ms="15604" status="PASS">
          <params>
            <param index="0">
              <value>
                <![CDATA["Verify that user is able to navigate to "Try Editor" Page for Time Complexity page"]]>
              </value>
            </param>
            <param index="1">
              <value>
                <![CDATA["DataStructure functionality"]]>
              </value>
            </param>
          </params>
          <reporter-output>
          </reporter-output>
        </test-method> <!-- runScenario -->
        <test-method signature="runScenario(io.cucumber.testng.PickleWrapper,io.cucumber.testng.FeatureWrapper)[pri:0, instance:dsAlgoRunner.RunnerTest@452e19ca]" started-at="2025-01-26T22:37:39 CST" name="runScenario" description="Runs Cucumber Scenarios" data-provider="scenarios" finished-at="2025-01-26T22:38:00 CST" duration-ms="20943" status="PASS">
          <params>
            <param index="0">
              <value>
                <![CDATA["Verify that user is able to run  Python code in Try Editor for DataStructure Page"]]>
              </value>
            </param>
            <param index="1">
              <value>
                <![CDATA["DataStructure functionality"]]>
              </value>
            </param>
          </params>
          <reporter-output>
          </reporter-output>
        </test-method> <!-- runScenario -->
        <test-method signature="runScenario(io.cucumber.testng.PickleWrapper,io.cucumber.testng.FeatureWrapper)[pri:0, instance:dsAlgoRunner.RunnerTest@452e19ca]" started-at="2025-01-26T22:37:39 CST" name="runScenario" description="Runs Cucumber Scenarios" data-provider="scenarios" finished-at="2025-01-26T22:38:00 CST" duration-ms="21310" status="PASS">
          <params>
            <param index="0">
              <value>
                <![CDATA["Verify that user is able to run  Python code in Try Editor for DataStructure Page"]]>
              </value>
            </param>
            <param index="1">
              <value>
                <![CDATA["DataStructure functionality"]]>
              </value>
            </param>
          </params>
          <reporter-output>
          </reporter-output>
        </test-method> <!-- runScenario -->
        <test-method signature="runScenario(io.cucumber.testng.PickleWrapper,io.cucumber.testng.FeatureWrapper)[pri:0, instance:dsAlgoRunner.RunnerTest@452e19ca]" started-at="2025-01-26T22:37:39 CST" name="runScenario" description="Runs Cucumber Scenarios" data-provider="scenarios" finished-at="2025-01-26T22:37:56 CST" duration-ms="17440" status="FAIL">
          <params>
            <param index="0">
              <value>
                <![CDATA["Verify that user receives error when click on Run button without entering code for "Time Complexity" in "python" page"]]>
              </value>
            </param>
            <param index="1">
              <value>
                <![CDATA["DataStructure functionality"]]>
              </value>
            </param>
          </params>
          <exception class="java.lang.AssertionError">
            <message>
              <![CDATA[null]]>
            </message>
            <full-stacktrace>
              <![CDATA[java.lang.AssertionError: null
at org.testng.Assert.fail(Assert.java:111)
at org.testng.Assert.fail(Assert.java:116)
at dsAlgoStepdefinition.DataStructureIntroductionSteps.the_user_should_able_to_see_an_error_message_in_alert_window_of_time_complexity_module(DataStructureIntroductionSteps.java:123)
at ✽.The user should able to see an error message in alert window of TimeComplexity module(file:///C:/SahanaNUMPYNINJASDET/gitsss/DsAlgoQuesters/src/test/resources/dsAlgoFeatures/DataStructure.feature:38)
]]>
            </full-stacktrace>
          </exception> <!-- java.lang.AssertionError -->
          <reporter-output>
          </reporter-output>
        </test-method> <!-- runScenario -->
        <test-method signature="runScenario(io.cucumber.testng.PickleWrapper,io.cucumber.testng.FeatureWrapper)[pri:0, instance:dsAlgoRunner.RunnerTest@452e19ca]" started-at="2025-01-26T22:37:39 CST" name="runScenario" description="Runs Cucumber Scenarios" data-provider="scenarios" finished-at="2025-01-26T22:37:54 CST" duration-ms="15715" status="PASS">
          <params>
            <param index="0">
              <value>
                <![CDATA["Verify the user is able to navigate to the Practice Questions for "Time Complexity" in "python"  page"]]>
              </value>
            </param>
            <param index="1">
              <value>
                <![CDATA["DataStructure functionality"]]>
              </value>
            </param>
          </params>
          <reporter-output>
          </reporter-output>
        </test-method> <!-- runScenario -->
        <test-method signature="runScenario(io.cucumber.testng.PickleWrapper,io.cucumber.testng.FeatureWrapper)[pri:0, instance:dsAlgoRunner.RunnerTest@452e19ca]" started-at="2025-01-26T22:37:39 CST" name="runScenario" description="Runs Cucumber Scenarios" data-provider="scenarios" finished-at="2025-01-26T22:37:56 CST" duration-ms="17428" status="FAIL">
          <params>
            <param index="0">
              <value>
                <![CDATA["Verify the user see list of Practice Questions in Practice Questions Page"]]>
              </value>
            </param>
            <param index="1">
              <value>
                <![CDATA["DataStructure functionality"]]>
              </value>
            </param>
          </params>
          <exception class="java.lang.AssertionError">
            <message>
              <![CDATA[null]]>
            </message>
            <full-stacktrace>
              <![CDATA[java.lang.AssertionError: null
at org.testng.Assert.fail(Assert.java:111)
at org.testng.Assert.fail(Assert.java:116)
at dsAlgoStepdefinition.DataStructureIntroductionSteps.the_user_should_see_list_of_Practice_Questions_in_Practice_Questions_Page_of_TimeComplexity_module(DataStructureIntroductionSteps.java:152)
at ✽.the user should see list of Practice Questions in Practice Questions Page of TimeComplexity module(file:///C:/SahanaNUMPYNINJASDET/gitsss/DsAlgoQuesters/src/test/resources/dsAlgoFeatures/DataStructure.feature:50)
]]>
            </full-stacktrace>
          </exception> <!-- java.lang.AssertionError -->
          <reporter-output>
          </reporter-output>
        </test-method> <!-- runScenario -->
        <test-method signature="runScenario(io.cucumber.testng.PickleWrapper,io.cucumber.testng.FeatureWrapper)[pri:0, instance:dsAlgoRunner.RunnerTest@452e19ca]" started-at="2025-01-26T22:37:39 CST" name="runScenario" description="Runs Cucumber Scenarios" data-provider="scenarios" finished-at="2025-01-26T22:37:52 CST" duration-ms="13856" status="PASS">
          <params>
            <param index="0">
              <value>
                <![CDATA["Verify that user isable to navigate to "DataStructure-Introduction" Page"]]>
              </value>
            </param>
            <param index="1">
              <value>
                <![CDATA["DataStructure functionality"]]>
              </value>
            </param>
          </params>
          <reporter-output>
          </reporter-output>
        </test-method> <!-- runScenario -->
        <test-method is-config="true" signature="tearDownClass()[pri:0, instance:dsAlgoRunner.RunnerTest@452e19ca]" started-at="2025-01-26T22:38:00 CST" name="tearDownClass" finished-at="2025-01-26T22:38:03 CST" duration-ms="3329" status="PASS">
          <reporter-output>
          </reporter-output>
        </test-method> <!-- tearDownClass -->
      </class> <!-- dsAlgoRunner.RunnerTest -->
    </test> <!-- ChromeTest -->
  </suite> <!-- CrossBrowserTestSuite -->
</testng-results>
