<?xml version="1.0" encoding="UTF-8"?>
<testng-results ignored="0" total="253" passed="215" failed="38" skipped="0">
  <reporter-output>
  </reporter-output>
  <suite started-at="2025-01-23T17:32:39 CST" name="Default suite" finished-at="2025-01-23T17:57:35 CST" duration-ms="1496092">
    <groups>
      <group name="cucumber">
        <method signature="AbstractTestNGCucumberTests.runScenario(io.cucumber.testng.PickleWrapper,io.cucumber.testng.FeatureWrapper)[pri:0, instance:dsAlgoRunner.RunnerTest@4c5ae43b]" name="runScenario" class="io.cucumber.testng.AbstractTestNGCucumberTests"/>
      </group> <!-- cucumber -->
    </groups>
    <test started-at="2025-01-23T17:32:39 CST" name="Default test" finished-at="2025-01-23T17:57:35 CST" duration-ms="1496092">
      <class name="dsAlgoRunner.RunnerTest">
        <test-method is-config="true" signature="setUpClass(org.testng.ITestContext)[pri:0, instance:dsAlgoRunner.RunnerTest@4c5ae43b]" started-at="2025-01-23T17:32:39 CST" name="setUpClass" finished-at="2025-01-23T17:32:40 CST" duration-ms="896" status="PASS">
          <params>
            <param index="0">
              <value>
                <![CDATA[org.testng.TestRunner@d321f27]]>
              </value>
            </param>
          </params>
          <reporter-output>
          </reporter-output>
        </test-method> <!-- setUpClass -->
        <test-method signature="runScenario(io.cucumber.testng.PickleWrapper,io.cucumber.testng.FeatureWrapper)[pri:0, instance:dsAlgoRunner.RunnerTest@4c5ae43b]" started-at="2025-01-23T17:32:40 CST" name="runScenario" description="Runs Cucumber Scenarios" data-provider="scenarios" finished-at="2025-01-23T17:32:45 CST" duration-ms="5546" status="PASS">
          <params>
            <param index="0">
              <value>
                <![CDATA["Verify that the user can navigate to the Array after signin"]]>
              </value>
            </param>
            <param index="1">
              <value>
                <![CDATA["Array functionality"]]>
              </value>
            </param>
          </params>
          <reporter-output>
          </reporter-output>
        </test-method> <!-- runScenario -->
        <test-method signature="runScenario(io.cucumber.testng.PickleWrapper,io.cucumber.testng.FeatureWrapper)[pri:0, instance:dsAlgoRunner.RunnerTest@4c5ae43b]" started-at="2025-01-23T17:32:45 CST" name="runScenario" description="Runs Cucumber Scenarios" data-provider="scenarios" finished-at="2025-01-23T17:32:52 CST" duration-ms="6560" status="PASS">
          <params>
            <param index="0">
              <value>
                <![CDATA["Verify the user is able to navigate to the Operations in Array options"]]>
              </value>
            </param>
            <param index="1">
              <value>
                <![CDATA["Array functionality"]]>
              </value>
            </param>
          </params>
          <reporter-output>
          </reporter-output>
        </test-method> <!-- runScenario -->
        <test-method signature="runScenario(io.cucumber.testng.PickleWrapper,io.cucumber.testng.FeatureWrapper)[pri:0, instance:dsAlgoRunner.RunnerTest@4c5ae43b]" started-at="2025-01-23T17:32:52 CST" name="runScenario" description="Runs Cucumber Scenarios" data-provider="scenarios" finished-at="2025-01-23T17:32:57 CST" duration-ms="5158" status="PASS">
          <params>
            <param index="0">
              <value>
                <![CDATA["Verify the user is able to navigate to the Operations in Array options"]]>
              </value>
            </param>
            <param index="1">
              <value>
                <![CDATA["Array functionality"]]>
              </value>
            </param>
          </params>
          <reporter-output>
          </reporter-output>
        </test-method> <!-- runScenario -->
        <test-method signature="runScenario(io.cucumber.testng.PickleWrapper,io.cucumber.testng.FeatureWrapper)[pri:0, instance:dsAlgoRunner.RunnerTest@4c5ae43b]" started-at="2025-01-23T17:32:57 CST" name="runScenario" description="Runs Cucumber Scenarios" data-provider="scenarios" finished-at="2025-01-23T17:33:02 CST" duration-ms="5690" status="PASS">
          <params>
            <param index="0">
              <value>
                <![CDATA["Verify the user is able to navigate to the Operations in Array options"]]>
              </value>
            </param>
            <param index="1">
              <value>
                <![CDATA["Array functionality"]]>
              </value>
            </param>
          </params>
          <reporter-output>
          </reporter-output>
        </test-method> <!-- runScenario -->
        <test-method signature="runScenario(io.cucumber.testng.PickleWrapper,io.cucumber.testng.FeatureWrapper)[pri:0, instance:dsAlgoRunner.RunnerTest@4c5ae43b]" started-at="2025-01-23T17:33:02 CST" name="runScenario" description="Runs Cucumber Scenarios" data-provider="scenarios" finished-at="2025-01-23T17:33:08 CST" duration-ms="5802" status="PASS">
          <params>
            <param index="0">
              <value>
                <![CDATA["Verify the user is able to navigate to the Operations in Array options"]]>
              </value>
            </param>
            <param index="1">
              <value>
                <![CDATA["Array functionality"]]>
              </value>
            </param>
          </params>
          <reporter-output>
          </reporter-output>
        </test-method> <!-- runScenario -->
        <test-method signature="runScenario(io.cucumber.testng.PickleWrapper,io.cucumber.testng.FeatureWrapper)[pri:0, instance:dsAlgoRunner.RunnerTest@4c5ae43b]" started-at="2025-01-23T17:33:08 CST" name="runScenario" description="Runs Cucumber Scenarios" data-provider="scenarios" finished-at="2025-01-23T17:33:15 CST" duration-ms="6216" status="PASS">
          <params>
            <param index="0">
              <value>
                <![CDATA["Verify that user is able to navigate to the try Editor page from different options in Array Page"]]>
              </value>
            </param>
            <param index="1">
              <value>
                <![CDATA["Array functionality"]]>
              </value>
            </param>
          </params>
          <reporter-output>
          </reporter-output>
        </test-method> <!-- runScenario -->
        <test-method signature="runScenario(io.cucumber.testng.PickleWrapper,io.cucumber.testng.FeatureWrapper)[pri:0, instance:dsAlgoRunner.RunnerTest@4c5ae43b]" started-at="2025-01-23T17:33:15 CST" name="runScenario" description="Runs Cucumber Scenarios" data-provider="scenarios" finished-at="2025-01-23T17:33:21 CST" duration-ms="6127" status="PASS">
          <params>
            <param index="0">
              <value>
                <![CDATA["Verify that user is able to navigate to the try Editor page from different options in Array Page"]]>
              </value>
            </param>
            <param index="1">
              <value>
                <![CDATA["Array functionality"]]>
              </value>
            </param>
          </params>
          <reporter-output>
          </reporter-output>
        </test-method> <!-- runScenario -->
        <test-method signature="runScenario(io.cucumber.testng.PickleWrapper,io.cucumber.testng.FeatureWrapper)[pri:0, instance:dsAlgoRunner.RunnerTest@4c5ae43b]" started-at="2025-01-23T17:33:21 CST" name="runScenario" description="Runs Cucumber Scenarios" data-provider="scenarios" finished-at="2025-01-23T17:33:27 CST" duration-ms="6295" status="PASS">
          <params>
            <param index="0">
              <value>
                <![CDATA["Verify that user is able to navigate to the try Editor page from different options in Array Page"]]>
              </value>
            </param>
            <param index="1">
              <value>
                <![CDATA["Array functionality"]]>
              </value>
            </param>
          </params>
          <reporter-output>
          </reporter-output>
        </test-method> <!-- runScenario -->
        <test-method signature="runScenario(io.cucumber.testng.PickleWrapper,io.cucumber.testng.FeatureWrapper)[pri:0, instance:dsAlgoRunner.RunnerTest@4c5ae43b]" started-at="2025-01-23T17:33:27 CST" name="runScenario" description="Runs Cucumber Scenarios" data-provider="scenarios" finished-at="2025-01-23T17:33:33 CST" duration-ms="5949" status="PASS">
          <params>
            <param index="0">
              <value>
                <![CDATA["Verify that user is able to navigate to the try Editor page from different options in Array Page"]]>
              </value>
            </param>
            <param index="1">
              <value>
                <![CDATA["Array functionality"]]>
              </value>
            </param>
          </params>
          <reporter-output>
          </reporter-output>
        </test-method> <!-- runScenario -->
        <test-method signature="runScenario(io.cucumber.testng.PickleWrapper,io.cucumber.testng.FeatureWrapper)[pri:0, instance:dsAlgoRunner.RunnerTest@4c5ae43b]" started-at="2025-01-23T17:33:33 CST" name="runScenario" description="Runs Cucumber Scenarios" data-provider="scenarios" finished-at="2025-01-23T17:33:39 CST" duration-ms="6507" status="FAIL">
          <params>
            <param index="0">
              <value>
                <![CDATA["Verify that user receives error when user clicks on run button without entering code in tryeditor for ArrayPage"]]>
              </value>
            </param>
            <param index="1">
              <value>
                <![CDATA["Array functionality"]]>
              </value>
            </param>
          </params>
          <exception class="java.lang.AssertionError">
            <message>
              <![CDATA[null]]>
            </message>
            <full-stacktrace>
              <![CDATA[java.lang.AssertionError: null
at org.testng.Assert.fail(Assert.java:111)
at org.testng.Assert.fail(Assert.java:116)
at dsAlgoStepdefinition.GraphSteps.the_user_should_see_an_error_message(GraphSteps.java:192)
at ✽.the user should see an error message(file:///C:/SahanaNUMPYNINJASDET/gitsss/DsAlgoQuesters/src/test/resources/dsAlgoFeatures/Arrays.feature:41)
]]>
            </full-stacktrace>
          </exception> <!-- java.lang.AssertionError -->
          <reporter-output>
          </reporter-output>
        </test-method> <!-- runScenario -->
        <test-method signature="runScenario(io.cucumber.testng.PickleWrapper,io.cucumber.testng.FeatureWrapper)[pri:0, instance:dsAlgoRunner.RunnerTest@4c5ae43b]" started-at="2025-01-23T17:33:39 CST" name="runScenario" description="Runs Cucumber Scenarios" data-provider="scenarios" finished-at="2025-01-23T17:33:47 CST" duration-ms="7398" status="FAIL">
          <params>
            <param index="0">
              <value>
                <![CDATA["Verify that user receives error when user clicks on run button without entering code in tryeditor for ArrayPage"]]>
              </value>
            </param>
            <param index="1">
              <value>
                <![CDATA["Array functionality"]]>
              </value>
            </param>
          </params>
          <exception class="java.lang.AssertionError">
            <message>
              <![CDATA[null]]>
            </message>
            <full-stacktrace>
              <![CDATA[java.lang.AssertionError: null
at org.testng.Assert.fail(Assert.java:111)
at org.testng.Assert.fail(Assert.java:116)
at dsAlgoStepdefinition.GraphSteps.the_user_should_see_an_error_message(GraphSteps.java:192)
at ✽.the user should see an error message(file:///C:/SahanaNUMPYNINJASDET/gitsss/DsAlgoQuesters/src/test/resources/dsAlgoFeatures/Arrays.feature:41)
]]>
            </full-stacktrace>
          </exception> <!-- java.lang.AssertionError -->
          <reporter-output>
          </reporter-output>
        </test-method> <!-- runScenario -->
        <test-method signature="runScenario(io.cucumber.testng.PickleWrapper,io.cucumber.testng.FeatureWrapper)[pri:0, instance:dsAlgoRunner.RunnerTest@4c5ae43b]" started-at="2025-01-23T17:33:47 CST" name="runScenario" description="Runs Cucumber Scenarios" data-provider="scenarios" finished-at="2025-01-23T17:33:53 CST" duration-ms="6656" status="FAIL">
          <params>
            <param index="0">
              <value>
                <![CDATA["Verify that user receives error when user clicks on run button without entering code in tryeditor for ArrayPage"]]>
              </value>
            </param>
            <param index="1">
              <value>
                <![CDATA["Array functionality"]]>
              </value>
            </param>
          </params>
          <exception class="java.lang.AssertionError">
            <message>
              <![CDATA[null]]>
            </message>
            <full-stacktrace>
              <![CDATA[java.lang.AssertionError: null
at org.testng.Assert.fail(Assert.java:111)
at org.testng.Assert.fail(Assert.java:116)
at dsAlgoStepdefinition.GraphSteps.the_user_should_see_an_error_message(GraphSteps.java:192)
at ✽.the user should see an error message(file:///C:/SahanaNUMPYNINJASDET/gitsss/DsAlgoQuesters/src/test/resources/dsAlgoFeatures/Arrays.feature:41)
]]>
            </full-stacktrace>
          </exception> <!-- java.lang.AssertionError -->
          <reporter-output>
          </reporter-output>
        </test-method> <!-- runScenario -->
        <test-method signature="runScenario(io.cucumber.testng.PickleWrapper,io.cucumber.testng.FeatureWrapper)[pri:0, instance:dsAlgoRunner.RunnerTest@4c5ae43b]" started-at="2025-01-23T17:33:53 CST" name="runScenario" description="Runs Cucumber Scenarios" data-provider="scenarios" finished-at="2025-01-23T17:34:00 CST" duration-ms="6159" status="FAIL">
          <params>
            <param index="0">
              <value>
                <![CDATA["Verify that user receives error when user clicks on run button without entering code in tryeditor for ArrayPage"]]>
              </value>
            </param>
            <param index="1">
              <value>
                <![CDATA["Array functionality"]]>
              </value>
            </param>
          </params>
          <exception class="java.lang.AssertionError">
            <message>
              <![CDATA[null]]>
            </message>
            <full-stacktrace>
              <![CDATA[java.lang.AssertionError: null
at org.testng.Assert.fail(Assert.java:111)
at org.testng.Assert.fail(Assert.java:116)
at dsAlgoStepdefinition.GraphSteps.the_user_should_see_an_error_message(GraphSteps.java:192)
at ✽.the user should see an error message(file:///C:/SahanaNUMPYNINJASDET/gitsss/DsAlgoQuesters/src/test/resources/dsAlgoFeatures/Arrays.feature:41)
]]>
            </full-stacktrace>
          </exception> <!-- java.lang.AssertionError -->
          <reporter-output>
          </reporter-output>
        </test-method> <!-- runScenario -->
        <test-method signature="runScenario(io.cucumber.testng.PickleWrapper,io.cucumber.testng.FeatureWrapper)[pri:0, instance:dsAlgoRunner.RunnerTest@4c5ae43b]" started-at="2025-01-23T17:34:00 CST" name="runScenario" description="Runs Cucumber Scenarios" data-provider="scenarios" finished-at="2025-01-23T17:34:06 CST" duration-ms="6538" status="PASS">
          <params>
            <param index="0">
              <value>
                <![CDATA["Verify that user is able to run valid and invalid Python code in Try Editor for ArrayPage"]]>
              </value>
            </param>
            <param index="1">
              <value>
                <![CDATA["Array functionality"]]>
              </value>
            </param>
          </params>
          <reporter-output>
          </reporter-output>
        </test-method> <!-- runScenario -->
        <test-method signature="runScenario(io.cucumber.testng.PickleWrapper,io.cucumber.testng.FeatureWrapper)[pri:0, instance:dsAlgoRunner.RunnerTest@4c5ae43b]" started-at="2025-01-23T17:34:06 CST" name="runScenario" description="Runs Cucumber Scenarios" data-provider="scenarios" finished-at="2025-01-23T17:34:13 CST" duration-ms="6666" status="PASS">
          <params>
            <param index="0">
              <value>
                <![CDATA["Verify that user is able to run valid and invalid Python code in Try Editor for ArrayPage"]]>
              </value>
            </param>
            <param index="1">
              <value>
                <![CDATA["Array functionality"]]>
              </value>
            </param>
          </params>
          <reporter-output>
          </reporter-output>
        </test-method> <!-- runScenario -->
        <test-method signature="runScenario(io.cucumber.testng.PickleWrapper,io.cucumber.testng.FeatureWrapper)[pri:0, instance:dsAlgoRunner.RunnerTest@4c5ae43b]" started-at="2025-01-23T17:34:13 CST" name="runScenario" description="Runs Cucumber Scenarios" data-provider="scenarios" finished-at="2025-01-23T17:34:19 CST" duration-ms="6409" status="PASS">
          <params>
            <param index="0">
              <value>
                <![CDATA["Verify that user is able to run valid Python code in Try Editor for Array page"]]>
              </value>
            </param>
            <param index="1">
              <value>
                <![CDATA["Array functionality"]]>
              </value>
            </param>
          </params>
          <reporter-output>
          </reporter-output>
        </test-method> <!-- runScenario -->
        <test-method signature="runScenario(io.cucumber.testng.PickleWrapper,io.cucumber.testng.FeatureWrapper)[pri:0, instance:dsAlgoRunner.RunnerTest@4c5ae43b]" started-at="2025-01-23T17:34:19 CST" name="runScenario" description="Runs Cucumber Scenarios" data-provider="scenarios" finished-at="2025-01-23T17:34:26 CST" duration-ms="6402" status="PASS">
          <params>
            <param index="0">
              <value>
                <![CDATA["Verify that user is able to run valid Python code in Try Editor for Array page"]]>
              </value>
            </param>
            <param index="1">
              <value>
                <![CDATA["Array functionality"]]>
              </value>
            </param>
          </params>
          <reporter-output>
          </reporter-output>
        </test-method> <!-- runScenario -->
        <test-method signature="runScenario(io.cucumber.testng.PickleWrapper,io.cucumber.testng.FeatureWrapper)[pri:0, instance:dsAlgoRunner.RunnerTest@4c5ae43b]" started-at="2025-01-23T17:34:26 CST" name="runScenario" description="Runs Cucumber Scenarios" data-provider="scenarios" finished-at="2025-01-23T17:34:33 CST" duration-ms="7410" status="PASS">
          <params>
            <param index="0">
              <value>
                <![CDATA["Verify that user is able to run valid Python code in Try Editor for Array Page"]]>
              </value>
            </param>
            <param index="1">
              <value>
                <![CDATA["Array functionality"]]>
              </value>
            </param>
          </params>
          <reporter-output>
          </reporter-output>
        </test-method> <!-- runScenario -->
        <test-method signature="runScenario(io.cucumber.testng.PickleWrapper,io.cucumber.testng.FeatureWrapper)[pri:0, instance:dsAlgoRunner.RunnerTest@4c5ae43b]" started-at="2025-01-23T17:34:33 CST" name="runScenario" description="Runs Cucumber Scenarios" data-provider="scenarios" finished-at="2025-01-23T17:34:40 CST" duration-ms="7098" status="PASS">
          <params>
            <param index="0">
              <value>
                <![CDATA["Verify that user is able to run valid Python code in Try Editor for Array Page"]]>
              </value>
            </param>
            <param index="1">
              <value>
                <![CDATA["Array functionality"]]>
              </value>
            </param>
          </params>
          <reporter-output>
          </reporter-output>
        </test-method> <!-- runScenario -->
        <test-method signature="runScenario(io.cucumber.testng.PickleWrapper,io.cucumber.testng.FeatureWrapper)[pri:0, instance:dsAlgoRunner.RunnerTest@4c5ae43b]" started-at="2025-01-23T17:34:40 CST" name="runScenario" description="Runs Cucumber Scenarios" data-provider="scenarios" finished-at="2025-01-23T17:34:47 CST" duration-ms="6433" status="PASS">
          <params>
            <param index="0">
              <value>
                <![CDATA["Verify that user is able to run valid Python code in Try Editor for Array Page"]]>
              </value>
            </param>
            <param index="1">
              <value>
                <![CDATA["Array functionality"]]>
              </value>
            </param>
          </params>
          <reporter-output>
          </reporter-output>
        </test-method> <!-- runScenario -->
        <test-method signature="runScenario(io.cucumber.testng.PickleWrapper,io.cucumber.testng.FeatureWrapper)[pri:0, instance:dsAlgoRunner.RunnerTest@4c5ae43b]" started-at="2025-01-23T17:34:47 CST" name="runScenario" description="Runs Cucumber Scenarios" data-provider="scenarios" finished-at="2025-01-23T17:34:54 CST" duration-ms="7127" status="PASS">
          <params>
            <param index="0">
              <value>
                <![CDATA["Verify that user is able to run valid Python code in Try Editor for Array Page"]]>
              </value>
            </param>
            <param index="1">
              <value>
                <![CDATA["Array functionality"]]>
              </value>
            </param>
          </params>
          <reporter-output>
          </reporter-output>
        </test-method> <!-- runScenario -->
        <test-method signature="runScenario(io.cucumber.testng.PickleWrapper,io.cucumber.testng.FeatureWrapper)[pri:0, instance:dsAlgoRunner.RunnerTest@4c5ae43b]" started-at="2025-01-23T17:34:54 CST" name="runScenario" description="Runs Cucumber Scenarios" data-provider="scenarios" finished-at="2025-01-23T17:35:00 CST" duration-ms="6437" status="PASS">
          <params>
            <param index="0">
              <value>
                <![CDATA["Verify the user is able to navigate to the Practice Questions  mentioned under Array "Array in python"Page"]]>
              </value>
            </param>
            <param index="1">
              <value>
                <![CDATA["Array functionality"]]>
              </value>
            </param>
          </params>
          <reporter-output>
          </reporter-output>
        </test-method> <!-- runScenario -->
        <test-method signature="runScenario(io.cucumber.testng.PickleWrapper,io.cucumber.testng.FeatureWrapper)[pri:0, instance:dsAlgoRunner.RunnerTest@4c5ae43b]" started-at="2025-01-23T17:35:00 CST" name="runScenario" description="Runs Cucumber Scenarios" data-provider="scenarios" finished-at="2025-01-23T17:35:06 CST" duration-ms="6245" status="PASS">
          <params>
            <param index="0">
              <value>
                <![CDATA["Verify the user see list of Practice Questions in Practice Questions Page"]]>
              </value>
            </param>
            <param index="1">
              <value>
                <![CDATA["Array functionality"]]>
              </value>
            </param>
          </params>
          <reporter-output>
          </reporter-output>
        </test-method> <!-- runScenario -->
        <test-method signature="runScenario(io.cucumber.testng.PickleWrapper,io.cucumber.testng.FeatureWrapper)[pri:0, instance:dsAlgoRunner.RunnerTest@4c5ae43b]" started-at="2025-01-23T17:35:06 CST" name="runScenario" description="Runs Cucumber Scenarios" data-provider="scenarios" finished-at="2025-01-23T17:35:14 CST" duration-ms="7913" status="PASS">
          <params>
            <param index="0">
              <value>
                <![CDATA["Verify that user receives output on running valid python code for "Search the array" question"]]>
              </value>
            </param>
            <param index="1">
              <value>
                <![CDATA["Array functionality"]]>
              </value>
            </param>
          </params>
          <reporter-output>
          </reporter-output>
        </test-method> <!-- runScenario -->
        <test-method signature="runScenario(io.cucumber.testng.PickleWrapper,io.cucumber.testng.FeatureWrapper)[pri:0, instance:dsAlgoRunner.RunnerTest@4c5ae43b]" started-at="2025-01-23T17:35:14 CST" name="runScenario" description="Runs Cucumber Scenarios" data-provider="scenarios" finished-at="2025-01-23T17:35:22 CST" duration-ms="7519" status="PASS">
          <params>
            <param index="0">
              <value>
                <![CDATA["Verify that user receives error on running Invalid python code for "Search the array" question"]]>
              </value>
            </param>
            <param index="1">
              <value>
                <![CDATA["Array functionality"]]>
              </value>
            </param>
          </params>
          <reporter-output>
          </reporter-output>
        </test-method> <!-- runScenario -->
        <test-method signature="runScenario(io.cucumber.testng.PickleWrapper,io.cucumber.testng.FeatureWrapper)[pri:0, instance:dsAlgoRunner.RunnerTest@4c5ae43b]" started-at="2025-01-23T17:35:22 CST" name="runScenario" description="Runs Cucumber Scenarios" data-provider="scenarios" finished-at="2025-01-23T17:35:39 CST" duration-ms="17236" status="FAIL">
          <params>
            <param index="0">
              <value>
                <![CDATA["Verify that user receives output on submitting valid python code for "Search the array" question"]]>
              </value>
            </param>
            <param index="1">
              <value>
                <![CDATA["Array functionality"]]>
              </value>
            </param>
          </params>
          <exception class="org.openqa.selenium.NoSuchElementException">
            <message>
              <![CDATA[no such element: Unable to locate element: {"method":"xpath","selector":"//pre[@id='output' and contains(text(), 'Submission Successful')]"}
  (Session info: chrome=131.0.6778.265)
For documentation on this error, please visit: https://www.selenium.dev/documentation/webdriver/troubleshooting/errors#no-such-element-exception
Build info: version: '4.27.0', revision: 'd6e718d134'
System info: os.name: 'Windows 11', os.arch: 'amd64', os.version: '10.0', java.version: '21.0.3'
Driver info: org.openqa.selenium.chrome.ChromeDriver
Command: [99d372193372dbd83435b61d7142dde7, findElement {using=xpath, value=//pre[@id='output' and contains(text(), 'Submission Successful')]}]
Capabilities {acceptInsecureCerts: false, browserName: chrome, browserVersion: 131.0.6778.265, chrome: {chromedriverVersion: 131.0.6778.264 (2d05e315153..., userDataDir: C:\Users\sahan\AppData\Loca...}, fedcm:accounts: true, goog:chromeOptions: {debuggerAddress: localhost:59312}, networkConnectionEnabled: false, pageLoadStrategy: normal, platformName: windows, proxy: Proxy(), se:cdp: ws://localhost:59312/devtoo..., se:cdpVersion: 131.0.6778.265, setWindowRect: true, strictFileInteractability: false, timeouts: {implicit: 0, pageLoad: 300000, script: 30000}, unhandledPromptBehavior: dismiss and notify, webauthn:extension:credBlob: true, webauthn:extension:largeBlob: true, webauthn:extension:minPinLength: true, webauthn:extension:prf: true, webauthn:virtualAuthenticators: true}
Session ID: 99d372193372dbd83435b61d7142dde7]]>
            </message>
            <full-stacktrace>
              <![CDATA[org.openqa.selenium.NoSuchElementException: no such element: Unable to locate element: {"method":"xpath","selector":"//pre[@id='output' and contains(text(), 'Submission Successful')]"}
  (Session info: chrome=131.0.6778.265)
For documentation on this error, please visit: https://www.selenium.dev/documentation/webdriver/troubleshooting/errors#no-such-element-exception
Build info: version: '4.27.0', revision: 'd6e718d134'
System info: os.name: 'Windows 11', os.arch: 'amd64', os.version: '10.0', java.version: '21.0.3'
Driver info: org.openqa.selenium.chrome.ChromeDriver
Command: [99d372193372dbd83435b61d7142dde7, findElement {using=xpath, value=//pre[@id='output' and contains(text(), 'Submission Successful')]}]
Capabilities {acceptInsecureCerts: false, browserName: chrome, browserVersion: 131.0.6778.265, chrome: {chromedriverVersion: 131.0.6778.264 (2d05e315153..., userDataDir: C:\Users\sahan\AppData\Loca...}, fedcm:accounts: true, goog:chromeOptions: {debuggerAddress: localhost:59312}, networkConnectionEnabled: false, pageLoadStrategy: normal, platformName: windows, proxy: Proxy(), se:cdp: ws://localhost:59312/devtoo..., se:cdpVersion: 131.0.6778.265, setWindowRect: true, strictFileInteractability: false, timeouts: {implicit: 0, pageLoad: 300000, script: 30000}, unhandledPromptBehavior: dismiss and notify, webauthn:extension:credBlob: true, webauthn:extension:largeBlob: true, webauthn:extension:minPinLength: true, webauthn:extension:prf: true, webauthn:virtualAuthenticators: true}
Session ID: 99d372193372dbd83435b61d7142dde7
at java.base/jdk.internal.reflect.DirectConstructorHandleAccessor.newInstance(DirectConstructorHandleAccessor.java:62)
at java.base/java.lang.reflect.Constructor.newInstanceWithCaller(Constructor.java:502)
at java.base/java.lang.reflect.Constructor.newInstance(Constructor.java:486)
at org.openqa.selenium.remote.ErrorCodec.decode(ErrorCodec.java:167)
at org.openqa.selenium.remote.codec.w3c.W3CHttpResponseCodec.decode(W3CHttpResponseCodec.java:138)
at org.openqa.selenium.remote.codec.w3c.W3CHttpResponseCodec.decode(W3CHttpResponseCodec.java:50)
at org.openqa.selenium.remote.HttpCommandExecutor.execute(HttpCommandExecutor.java:190)
at org.openqa.selenium.remote.service.DriverCommandExecutor.invokeExecute(DriverCommandExecutor.java:216)
at org.openqa.selenium.remote.service.DriverCommandExecutor.execute(DriverCommandExecutor.java:174)
at org.openqa.selenium.remote.RemoteWebDriver.execute(RemoteWebDriver.java:545)
at org.openqa.selenium.remote.ElementLocation$ElementFinder$2.findElement(ElementLocation.java:165)
at org.openqa.selenium.remote.ElementLocation.findElement(ElementLocation.java:59)
at org.openqa.selenium.remote.RemoteWebDriver.findElement(RemoteWebDriver.java:368)
at org.openqa.selenium.remote.RemoteWebDriver.findElement(RemoteWebDriver.java:362)
at org.openqa.selenium.support.pagefactory.DefaultElementLocator.findElement(DefaultElementLocator.java:68)
at org.openqa.selenium.support.pagefactory.internal.LocatingElementHandler.invoke(LocatingElementHandler.java:38)
at jdk.proxy2/jdk.proxy2.$Proxy25.getText(Unknown Source)
at dsAlgoPages.ArrayPage.actualOutputResult(ArrayPage.java:165)
at dsAlgoStepdefinition.ArraySteps.the_user_should_see_an_output_for_question_in_console_for_and(ArraySteps.java:247)
at ✽.The user should see an output for question in console for "Search The Array" and 3(file:///C:/SahanaNUMPYNINJASDET/gitsss/DsAlgoQuesters/src/test/resources/dsAlgoFeatures/Arrays.feature:130)
]]>
            </full-stacktrace>
          </exception> <!-- org.openqa.selenium.NoSuchElementException -->
          <reporter-output>
          </reporter-output>
        </test-method> <!-- runScenario -->
        <test-method signature="runScenario(io.cucumber.testng.PickleWrapper,io.cucumber.testng.FeatureWrapper)[pri:0, instance:dsAlgoRunner.RunnerTest@4c5ae43b]" started-at="2025-01-23T17:35:39 CST" name="runScenario" description="Runs Cucumber Scenarios" data-provider="scenarios" finished-at="2025-01-23T17:35:46 CST" duration-ms="7086" status="PASS">
          <params>
            <param index="0">
              <value>
                <![CDATA["Verify that user receives output on running valid python code for "Max Consecutive Ones" question"]]>
              </value>
            </param>
            <param index="1">
              <value>
                <![CDATA["Array functionality"]]>
              </value>
            </param>
          </params>
          <reporter-output>
          </reporter-output>
        </test-method> <!-- runScenario -->
        <test-method signature="runScenario(io.cucumber.testng.PickleWrapper,io.cucumber.testng.FeatureWrapper)[pri:0, instance:dsAlgoRunner.RunnerTest@4c5ae43b]" started-at="2025-01-23T17:35:46 CST" name="runScenario" description="Runs Cucumber Scenarios" data-provider="scenarios" finished-at="2025-01-23T17:35:53 CST" duration-ms="6944" status="PASS">
          <params>
            <param index="0">
              <value>
                <![CDATA["Verify that user receives error on running Invalid python code for "Max Consecutive Ones" question"]]>
              </value>
            </param>
            <param index="1">
              <value>
                <![CDATA["Array functionality"]]>
              </value>
            </param>
          </params>
          <reporter-output>
          </reporter-output>
        </test-method> <!-- runScenario -->
        <test-method signature="runScenario(io.cucumber.testng.PickleWrapper,io.cucumber.testng.FeatureWrapper)[pri:0, instance:dsAlgoRunner.RunnerTest@4c5ae43b]" started-at="2025-01-23T17:35:53 CST" name="runScenario" description="Runs Cucumber Scenarios" data-provider="scenarios" finished-at="2025-01-23T17:36:00 CST" duration-ms="7102" status="PASS">
          <params>
            <param index="0">
              <value>
                <![CDATA["Verify that user receives output on submitting valid python code for "Max Consecutive Ones" question"]]>
              </value>
            </param>
            <param index="1">
              <value>
                <![CDATA["Array functionality"]]>
              </value>
            </param>
          </params>
          <reporter-output>
          </reporter-output>
        </test-method> <!-- runScenario -->
        <test-method signature="runScenario(io.cucumber.testng.PickleWrapper,io.cucumber.testng.FeatureWrapper)[pri:0, instance:dsAlgoRunner.RunnerTest@4c5ae43b]" started-at="2025-01-23T17:36:00 CST" name="runScenario" description="Runs Cucumber Scenarios" data-provider="scenarios" finished-at="2025-01-23T17:36:07 CST" duration-ms="7231" status="PASS">
          <params>
            <param index="0">
              <value>
                <![CDATA["Verify that user receives output on running valid python code for "Find Numbers with Even Number" question"]]>
              </value>
            </param>
            <param index="1">
              <value>
                <![CDATA["Array functionality"]]>
              </value>
            </param>
          </params>
          <reporter-output>
          </reporter-output>
        </test-method> <!-- runScenario -->
        <test-method signature="runScenario(io.cucumber.testng.PickleWrapper,io.cucumber.testng.FeatureWrapper)[pri:0, instance:dsAlgoRunner.RunnerTest@4c5ae43b]" started-at="2025-01-23T17:36:07 CST" name="runScenario" description="Runs Cucumber Scenarios" data-provider="scenarios" finished-at="2025-01-23T17:36:15 CST" duration-ms="7158" status="PASS">
          <params>
            <param index="0">
              <value>
                <![CDATA["Verify that user receives error on running Invalid python code for "Find Numbers with Even Number" question"]]>
              </value>
            </param>
            <param index="1">
              <value>
                <![CDATA["Array functionality"]]>
              </value>
            </param>
          </params>
          <reporter-output>
          </reporter-output>
        </test-method> <!-- runScenario -->
        <test-method signature="runScenario(io.cucumber.testng.PickleWrapper,io.cucumber.testng.FeatureWrapper)[pri:0, instance:dsAlgoRunner.RunnerTest@4c5ae43b]" started-at="2025-01-23T17:36:15 CST" name="runScenario" description="Runs Cucumber Scenarios" data-provider="scenarios" finished-at="2025-01-23T17:36:22 CST" duration-ms="7235" status="PASS">
          <params>
            <param index="0">
              <value>
                <![CDATA["Verify that user receives output on submitting valid python code for "Find Numbers with Even Number" question"]]>
              </value>
            </param>
            <param index="1">
              <value>
                <![CDATA["Array functionality"]]>
              </value>
            </param>
          </params>
          <reporter-output>
          </reporter-output>
        </test-method> <!-- runScenario -->
        <test-method signature="runScenario(io.cucumber.testng.PickleWrapper,io.cucumber.testng.FeatureWrapper)[pri:0, instance:dsAlgoRunner.RunnerTest@4c5ae43b]" started-at="2025-01-23T17:36:22 CST" name="runScenario" description="Runs Cucumber Scenarios" data-provider="scenarios" finished-at="2025-01-23T17:36:29 CST" duration-ms="6937" status="PASS">
          <params>
            <param index="0">
              <value>
                <![CDATA["Verify that user receives output on running valid python code for "Squares of  a Sorted Array" question"]]>
              </value>
            </param>
            <param index="1">
              <value>
                <![CDATA["Array functionality"]]>
              </value>
            </param>
          </params>
          <reporter-output>
          </reporter-output>
        </test-method> <!-- runScenario -->
        <test-method signature="runScenario(io.cucumber.testng.PickleWrapper,io.cucumber.testng.FeatureWrapper)[pri:0, instance:dsAlgoRunner.RunnerTest@4c5ae43b]" started-at="2025-01-23T17:36:29 CST" name="runScenario" description="Runs Cucumber Scenarios" data-provider="scenarios" finished-at="2025-01-23T17:36:36 CST" duration-ms="7582" status="PASS">
          <params>
            <param index="0">
              <value>
                <![CDATA["Verify that user receives error on running Invalid python code for "Squares of  a Sorted Array" question"]]>
              </value>
            </param>
            <param index="1">
              <value>
                <![CDATA["Array functionality"]]>
              </value>
            </param>
          </params>
          <reporter-output>
          </reporter-output>
        </test-method> <!-- runScenario -->
        <test-method signature="runScenario(io.cucumber.testng.PickleWrapper,io.cucumber.testng.FeatureWrapper)[pri:0, instance:dsAlgoRunner.RunnerTest@4c5ae43b]" started-at="2025-01-23T17:36:36 CST" name="runScenario" description="Runs Cucumber Scenarios" data-provider="scenarios" finished-at="2025-01-23T17:36:54 CST" duration-ms="17391" status="FAIL">
          <params>
            <param index="0">
              <value>
                <![CDATA["Verify that user receives output on submitting valid python code for "Squares of  a Sorted Array" question"]]>
              </value>
            </param>
            <param index="1">
              <value>
                <![CDATA["Array functionality"]]>
              </value>
            </param>
          </params>
          <exception class="org.openqa.selenium.NoSuchElementException">
            <message>
              <![CDATA[no such element: Unable to locate element: {"method":"xpath","selector":"//pre[@id='output' and contains(text(), 'Submission Successful')]"}
  (Session info: chrome=131.0.6778.265)
For documentation on this error, please visit: https://www.selenium.dev/documentation/webdriver/troubleshooting/errors#no-such-element-exception
Build info: version: '4.27.0', revision: 'd6e718d134'
System info: os.name: 'Windows 11', os.arch: 'amd64', os.version: '10.0', java.version: '21.0.3'
Driver info: org.openqa.selenium.chrome.ChromeDriver
Command: [502b4239868d584077e7d15c25c0c25f, findElement {using=xpath, value=//pre[@id='output' and contains(text(), 'Submission Successful')]}]
Capabilities {acceptInsecureCerts: false, browserName: chrome, browserVersion: 131.0.6778.265, chrome: {chromedriverVersion: 131.0.6778.264 (2d05e315153..., userDataDir: C:\Users\sahan\AppData\Loca...}, fedcm:accounts: true, goog:chromeOptions: {debuggerAddress: localhost:59617}, networkConnectionEnabled: false, pageLoadStrategy: normal, platformName: windows, proxy: Proxy(), se:cdp: ws://localhost:59617/devtoo..., se:cdpVersion: 131.0.6778.265, setWindowRect: true, strictFileInteractability: false, timeouts: {implicit: 0, pageLoad: 300000, script: 30000}, unhandledPromptBehavior: dismiss and notify, webauthn:extension:credBlob: true, webauthn:extension:largeBlob: true, webauthn:extension:minPinLength: true, webauthn:extension:prf: true, webauthn:virtualAuthenticators: true}
Session ID: 502b4239868d584077e7d15c25c0c25f]]>
            </message>
            <full-stacktrace>
              <![CDATA[org.openqa.selenium.NoSuchElementException: no such element: Unable to locate element: {"method":"xpath","selector":"//pre[@id='output' and contains(text(), 'Submission Successful')]"}
  (Session info: chrome=131.0.6778.265)
For documentation on this error, please visit: https://www.selenium.dev/documentation/webdriver/troubleshooting/errors#no-such-element-exception
Build info: version: '4.27.0', revision: 'd6e718d134'
System info: os.name: 'Windows 11', os.arch: 'amd64', os.version: '10.0', java.version: '21.0.3'
Driver info: org.openqa.selenium.chrome.ChromeDriver
Command: [502b4239868d584077e7d15c25c0c25f, findElement {using=xpath, value=//pre[@id='output' and contains(text(), 'Submission Successful')]}]
Capabilities {acceptInsecureCerts: false, browserName: chrome, browserVersion: 131.0.6778.265, chrome: {chromedriverVersion: 131.0.6778.264 (2d05e315153..., userDataDir: C:\Users\sahan\AppData\Loca...}, fedcm:accounts: true, goog:chromeOptions: {debuggerAddress: localhost:59617}, networkConnectionEnabled: false, pageLoadStrategy: normal, platformName: windows, proxy: Proxy(), se:cdp: ws://localhost:59617/devtoo..., se:cdpVersion: 131.0.6778.265, setWindowRect: true, strictFileInteractability: false, timeouts: {implicit: 0, pageLoad: 300000, script: 30000}, unhandledPromptBehavior: dismiss and notify, webauthn:extension:credBlob: true, webauthn:extension:largeBlob: true, webauthn:extension:minPinLength: true, webauthn:extension:prf: true, webauthn:virtualAuthenticators: true}
Session ID: 502b4239868d584077e7d15c25c0c25f
at java.base/jdk.internal.reflect.DirectConstructorHandleAccessor.newInstance(DirectConstructorHandleAccessor.java:62)
at java.base/java.lang.reflect.Constructor.newInstanceWithCaller(Constructor.java:502)
at java.base/java.lang.reflect.Constructor.newInstance(Constructor.java:486)
at org.openqa.selenium.remote.ErrorCodec.decode(ErrorCodec.java:167)
at org.openqa.selenium.remote.codec.w3c.W3CHttpResponseCodec.decode(W3CHttpResponseCodec.java:138)
at org.openqa.selenium.remote.codec.w3c.W3CHttpResponseCodec.decode(W3CHttpResponseCodec.java:50)
at org.openqa.selenium.remote.HttpCommandExecutor.execute(HttpCommandExecutor.java:190)
at org.openqa.selenium.remote.service.DriverCommandExecutor.invokeExecute(DriverCommandExecutor.java:216)
at org.openqa.selenium.remote.service.DriverCommandExecutor.execute(DriverCommandExecutor.java:174)
at org.openqa.selenium.remote.RemoteWebDriver.execute(RemoteWebDriver.java:545)
at org.openqa.selenium.remote.ElementLocation$ElementFinder$2.findElement(ElementLocation.java:165)
at org.openqa.selenium.remote.ElementLocation.findElement(ElementLocation.java:59)
at org.openqa.selenium.remote.RemoteWebDriver.findElement(RemoteWebDriver.java:368)
at org.openqa.selenium.remote.RemoteWebDriver.findElement(RemoteWebDriver.java:362)
at org.openqa.selenium.support.pagefactory.DefaultElementLocator.findElement(DefaultElementLocator.java:68)
at org.openqa.selenium.support.pagefactory.internal.LocatingElementHandler.invoke(LocatingElementHandler.java:38)
at jdk.proxy2/jdk.proxy2.$Proxy25.getText(Unknown Source)
at dsAlgoPages.ArrayPage.actualOutputResult(ArrayPage.java:165)
at dsAlgoStepdefinition.ArraySteps.the_user_should_see_an_output_for_question_in_console_for_and(ArraySteps.java:247)
at ✽.The user should see an output for question in console for "Squares of  a Sorted Array" and 3(file:///C:/SahanaNUMPYNINJASDET/gitsss/DsAlgoQuesters/src/test/resources/dsAlgoFeatures/Arrays.feature:220)
]]>
            </full-stacktrace>
          </exception> <!-- org.openqa.selenium.NoSuchElementException -->
          <reporter-output>
          </reporter-output>
        </test-method> <!-- runScenario -->
        <test-method signature="runScenario(io.cucumber.testng.PickleWrapper,io.cucumber.testng.FeatureWrapper)[pri:0, instance:dsAlgoRunner.RunnerTest@4c5ae43b]" started-at="2025-01-23T17:36:54 CST" name="runScenario" description="Runs Cucumber Scenarios" data-provider="scenarios" finished-at="2025-01-23T17:36:58 CST" duration-ms="4623" status="PASS">
          <params>
            <param index="0">
              <value>
                <![CDATA["verify user is able to navigate to the signin"]]>
              </value>
            </param>
            <param index="1">
              <value>
                <![CDATA["signin functionality"]]>
              </value>
            </param>
          </params>
          <reporter-output>
          </reporter-output>
        </test-method> <!-- runScenario -->
        <test-method signature="runScenario(io.cucumber.testng.PickleWrapper,io.cucumber.testng.FeatureWrapper)[pri:0, instance:dsAlgoRunner.RunnerTest@4c5ae43b]" started-at="2025-01-23T17:36:58 CST" name="runScenario" description="Runs Cucumber Scenarios" data-provider="scenarios" finished-at="2025-01-23T17:37:04 CST" duration-ms="5583" status="PASS">
          <params>
            <param index="0">
              <value>
                <![CDATA["Verify that user isable to navigate to "DataStructure-Introduction" Page"]]>
              </value>
            </param>
            <param index="1">
              <value>
                <![CDATA["DataStructure functionality"]]>
              </value>
            </param>
          </params>
          <reporter-output>
          </reporter-output>
        </test-method> <!-- runScenario -->
        <test-method signature="runScenario(io.cucumber.testng.PickleWrapper,io.cucumber.testng.FeatureWrapper)[pri:0, instance:dsAlgoRunner.RunnerTest@4c5ae43b]" started-at="2025-01-23T17:37:04 CST" name="runScenario" description="Runs Cucumber Scenarios" data-provider="scenarios" finished-at="2025-01-23T17:37:09 CST" duration-ms="4912" status="PASS">
          <params>
            <param index="0">
              <value>
                <![CDATA["Verify that user is able to navigate to "Time Complexity" Page"]]>
              </value>
            </param>
            <param index="1">
              <value>
                <![CDATA["DataStructure functionality"]]>
              </value>
            </param>
          </params>
          <reporter-output>
          </reporter-output>
        </test-method> <!-- runScenario -->
        <test-method signature="runScenario(io.cucumber.testng.PickleWrapper,io.cucumber.testng.FeatureWrapper)[pri:0, instance:dsAlgoRunner.RunnerTest@4c5ae43b]" started-at="2025-01-23T17:37:09 CST" name="runScenario" description="Runs Cucumber Scenarios" data-provider="scenarios" finished-at="2025-01-23T17:37:15 CST" duration-ms="5743" status="PASS">
          <params>
            <param index="0">
              <value>
                <![CDATA["Verify that user is able to navigate to "Try Editor" Page for Time Complexity page"]]>
              </value>
            </param>
            <param index="1">
              <value>
                <![CDATA["DataStructure functionality"]]>
              </value>
            </param>
          </params>
          <reporter-output>
          </reporter-output>
        </test-method> <!-- runScenario -->
        <test-method signature="runScenario(io.cucumber.testng.PickleWrapper,io.cucumber.testng.FeatureWrapper)[pri:0, instance:dsAlgoRunner.RunnerTest@4c5ae43b]" started-at="2025-01-23T17:37:15 CST" name="runScenario" description="Runs Cucumber Scenarios" data-provider="scenarios" finished-at="2025-01-23T17:37:21 CST" duration-ms="6174" status="PASS">
          <params>
            <param index="0">
              <value>
                <![CDATA["Verify that user is able to run  Python code in Try Editor for DataStructure Page"]]>
              </value>
            </param>
            <param index="1">
              <value>
                <![CDATA["DataStructure functionality"]]>
              </value>
            </param>
          </params>
          <reporter-output>
          </reporter-output>
        </test-method> <!-- runScenario -->
        <test-method signature="runScenario(io.cucumber.testng.PickleWrapper,io.cucumber.testng.FeatureWrapper)[pri:0, instance:dsAlgoRunner.RunnerTest@4c5ae43b]" started-at="2025-01-23T17:37:21 CST" name="runScenario" description="Runs Cucumber Scenarios" data-provider="scenarios" finished-at="2025-01-23T17:37:27 CST" duration-ms="6562" status="PASS">
          <params>
            <param index="0">
              <value>
                <![CDATA["Verify that user is able to run  Python code in Try Editor for DataStructure Page"]]>
              </value>
            </param>
            <param index="1">
              <value>
                <![CDATA["DataStructure functionality"]]>
              </value>
            </param>
          </params>
          <reporter-output>
          </reporter-output>
        </test-method> <!-- runScenario -->
        <test-method signature="runScenario(io.cucumber.testng.PickleWrapper,io.cucumber.testng.FeatureWrapper)[pri:0, instance:dsAlgoRunner.RunnerTest@4c5ae43b]" started-at="2025-01-23T17:37:27 CST" name="runScenario" description="Runs Cucumber Scenarios" data-provider="scenarios" finished-at="2025-01-23T17:37:33 CST" duration-ms="6107" status="FAIL">
          <params>
            <param index="0">
              <value>
                <![CDATA["Verify that user receives error when click on Run button without entering code for "Time Complexity" in "python" page"]]>
              </value>
            </param>
            <param index="1">
              <value>
                <![CDATA["DataStructure functionality"]]>
              </value>
            </param>
          </params>
          <exception class="java.lang.AssertionError">
            <message>
              <![CDATA[null]]>
            </message>
            <full-stacktrace>
              <![CDATA[java.lang.AssertionError: null
at org.testng.Assert.fail(Assert.java:111)
at org.testng.Assert.fail(Assert.java:116)
at dsAlgoStepdefinition.DataStructureIntroductionSteps.the_user_should_able_to_see_an_error_message_in_alert_window_of_time_complexity_module(DataStructureIntroductionSteps.java:124)
at ✽.The user should able to see an error message in alert window of TimeComplexity module(file:///C:/SahanaNUMPYNINJASDET/gitsss/DsAlgoQuesters/src/test/resources/dsAlgoFeatures/DataStructure.feature:38)
]]>
            </full-stacktrace>
          </exception> <!-- java.lang.AssertionError -->
          <reporter-output>
          </reporter-output>
        </test-method> <!-- runScenario -->
        <test-method signature="runScenario(io.cucumber.testng.PickleWrapper,io.cucumber.testng.FeatureWrapper)[pri:0, instance:dsAlgoRunner.RunnerTest@4c5ae43b]" started-at="2025-01-23T17:37:33 CST" name="runScenario" description="Runs Cucumber Scenarios" data-provider="scenarios" finished-at="2025-01-23T17:37:39 CST" duration-ms="5494" status="PASS">
          <params>
            <param index="0">
              <value>
                <![CDATA["Verify the user is able to navigate to the Practice Questions for "Time Complexity" in "python"  page"]]>
              </value>
            </param>
            <param index="1">
              <value>
                <![CDATA["DataStructure functionality"]]>
              </value>
            </param>
          </params>
          <reporter-output>
          </reporter-output>
        </test-method> <!-- runScenario -->
        <test-method signature="runScenario(io.cucumber.testng.PickleWrapper,io.cucumber.testng.FeatureWrapper)[pri:0, instance:dsAlgoRunner.RunnerTest@4c5ae43b]" started-at="2025-01-23T17:37:39 CST" name="runScenario" description="Runs Cucumber Scenarios" data-provider="scenarios" finished-at="2025-01-23T17:37:44 CST" duration-ms="5362" status="FAIL">
          <params>
            <param index="0">
              <value>
                <![CDATA["Verify the user see list of Practice Questions in Practice Questions Page"]]>
              </value>
            </param>
            <param index="1">
              <value>
                <![CDATA["DataStructure functionality"]]>
              </value>
            </param>
          </params>
          <exception class="java.lang.AssertionError">
            <message>
              <![CDATA[null]]>
            </message>
            <full-stacktrace>
              <![CDATA[java.lang.AssertionError: null
at org.testng.Assert.fail(Assert.java:111)
at org.testng.Assert.fail(Assert.java:116)
at dsAlgoStepdefinition.DataStructureIntroductionSteps.the_user_should_see_list_of_Practice_Questions_in_Practice_Questions_Page_of_TimeComplexity_module(DataStructureIntroductionSteps.java:153)
at ✽.the user should see list of Practice Questions in Practice Questions Page of TimeComplexity module(file:///C:/SahanaNUMPYNINJASDET/gitsss/DsAlgoQuesters/src/test/resources/dsAlgoFeatures/DataStructure.feature:50)
]]>
            </full-stacktrace>
          </exception> <!-- java.lang.AssertionError -->
          <reporter-output>
          </reporter-output>
        </test-method> <!-- runScenario -->
        <test-method signature="runScenario(io.cucumber.testng.PickleWrapper,io.cucumber.testng.FeatureWrapper)[pri:0, instance:dsAlgoRunner.RunnerTest@4c5ae43b]" started-at="2025-01-23T17:37:44 CST" name="runScenario" description="Runs Cucumber Scenarios" data-provider="scenarios" finished-at="2025-01-23T17:37:50 CST" duration-ms="5188" status="PASS">
          <params>
            <param index="0">
              <value>
                <![CDATA["Verify that the user can navigate to the Graph page after signin"]]>
              </value>
            </param>
            <param index="1">
              <value>
                <![CDATA["Graph functionality"]]>
              </value>
            </param>
          </params>
          <reporter-output>
          </reporter-output>
        </test-method> <!-- runScenario -->
        <test-method signature="runScenario(io.cucumber.testng.PickleWrapper,io.cucumber.testng.FeatureWrapper)[pri:0, instance:dsAlgoRunner.RunnerTest@4c5ae43b]" started-at="2025-01-23T17:37:50 CST" name="runScenario" description="Runs Cucumber Scenarios" data-provider="scenarios" finished-at="2025-01-23T17:37:55 CST" duration-ms="5521" status="PASS">
          <params>
            <param index="0">
              <value>
                <![CDATA["Verify the user is able to navigate to the Graph option  in Graph page"]]>
              </value>
            </param>
            <param index="1">
              <value>
                <![CDATA["Graph functionality"]]>
              </value>
            </param>
          </params>
          <reporter-output>
          </reporter-output>
        </test-method> <!-- runScenario -->
        <test-method signature="runScenario(io.cucumber.testng.PickleWrapper,io.cucumber.testng.FeatureWrapper)[pri:0, instance:dsAlgoRunner.RunnerTest@4c5ae43b]" started-at="2025-01-23T17:37:55 CST" name="runScenario" description="Runs Cucumber Scenarios" data-provider="scenarios" finished-at="2025-01-23T17:38:01 CST" duration-ms="6222" status="PASS">
          <params>
            <param index="0">
              <value>
                <![CDATA["Verify that user is able to navigate to try Editor page for Graph page"]]>
              </value>
            </param>
            <param index="1">
              <value>
                <![CDATA["Graph functionality"]]>
              </value>
            </param>
          </params>
          <reporter-output>
          </reporter-output>
        </test-method> <!-- runScenario -->
        <test-method signature="runScenario(io.cucumber.testng.PickleWrapper,io.cucumber.testng.FeatureWrapper)[pri:0, instance:dsAlgoRunner.RunnerTest@4c5ae43b]" started-at="2025-01-23T17:38:01 CST" name="runScenario" description="Runs Cucumber Scenarios" data-provider="scenarios" finished-at="2025-01-23T17:38:07 CST" duration-ms="5424" status="PASS">
          <params>
            <param index="0">
              <value>
                <![CDATA["Verify the user is able to navigate to the Practice Questions  mentioned under graph Graph Page"]]>
              </value>
            </param>
            <param index="1">
              <value>
                <![CDATA["Graph functionality"]]>
              </value>
            </param>
          </params>
          <reporter-output>
          </reporter-output>
        </test-method> <!-- runScenario -->
        <test-method signature="runScenario(io.cucumber.testng.PickleWrapper,io.cucumber.testng.FeatureWrapper)[pri:0, instance:dsAlgoRunner.RunnerTest@4c5ae43b]" started-at="2025-01-23T17:38:07 CST" name="runScenario" description="Runs Cucumber Scenarios" data-provider="scenarios" finished-at="2025-01-23T17:38:13 CST" duration-ms="5901" status="PASS">
          <params>
            <param index="0">
              <value>
                <![CDATA["Verify the user is able to navigate to the Graph Representations option in Graph page"]]>
              </value>
            </param>
            <param index="1">
              <value>
                <![CDATA["Graph functionality"]]>
              </value>
            </param>
          </params>
          <reporter-output>
          </reporter-output>
        </test-method> <!-- runScenario -->
        <test-method signature="runScenario(io.cucumber.testng.PickleWrapper,io.cucumber.testng.FeatureWrapper)[pri:0, instance:dsAlgoRunner.RunnerTest@4c5ae43b]" started-at="2025-01-23T17:38:13 CST" name="runScenario" description="Runs Cucumber Scenarios" data-provider="scenarios" finished-at="2025-01-23T17:38:19 CST" duration-ms="6376" status="PASS">
          <params>
            <param index="0">
              <value>
                <![CDATA["Verify that user is able to navigate to try Editor page for GraphRepresentation page"]]>
              </value>
            </param>
            <param index="1">
              <value>
                <![CDATA["Graph functionality"]]>
              </value>
            </param>
          </params>
          <reporter-output>
          </reporter-output>
        </test-method> <!-- runScenario -->
        <test-method signature="runScenario(io.cucumber.testng.PickleWrapper,io.cucumber.testng.FeatureWrapper)[pri:0, instance:dsAlgoRunner.RunnerTest@4c5ae43b]" started-at="2025-01-23T17:38:19 CST" name="runScenario" description="Runs Cucumber Scenarios" data-provider="scenarios" finished-at="2025-01-23T17:38:24 CST" duration-ms="5396" status="PASS">
          <params>
            <param index="0">
              <value>
                <![CDATA["Verify the user is able to navigate to the Practice Questions  mentioned under graph Graph Page"]]>
              </value>
            </param>
            <param index="1">
              <value>
                <![CDATA["Graph functionality"]]>
              </value>
            </param>
          </params>
          <reporter-output>
          </reporter-output>
        </test-method> <!-- runScenario -->
        <test-method signature="runScenario(io.cucumber.testng.PickleWrapper,io.cucumber.testng.FeatureWrapper)[pri:0, instance:dsAlgoRunner.RunnerTest@4c5ae43b]" started-at="2025-01-23T17:38:24 CST" name="runScenario" description="Runs Cucumber Scenarios" data-provider="scenarios" finished-at="2025-01-23T17:38:30 CST" duration-ms="5707" status="FAIL">
          <params>
            <param index="0">
              <value>
                <![CDATA["Verify the user see list of Practice Questions in Practice Questions Page"]]>
              </value>
            </param>
            <param index="1">
              <value>
                <![CDATA["Graph functionality"]]>
              </value>
            </param>
          </params>
          <exception class="java.lang.AssertionError">
            <message>
              <![CDATA[null]]>
            </message>
            <full-stacktrace>
              <![CDATA[java.lang.AssertionError: null
at org.testng.Assert.fail(Assert.java:111)
at org.testng.Assert.fail(Assert.java:116)
at dsAlgoStepdefinition.GraphSteps.the_user_should_see_list_of_Practice_Questions_in_Practice_Questions_Page(GraphSteps.java:136)
at ✽.the user should see list of Practice Questions in Practice Questions Page(file:///C:/SahanaNUMPYNINJASDET/gitsss/DsAlgoQuesters/src/test/resources/dsAlgoFeatures/Graph.feature:52)
]]>
            </full-stacktrace>
          </exception> <!-- java.lang.AssertionError -->
          <reporter-output>
          </reporter-output>
        </test-method> <!-- runScenario -->
        <test-method signature="runScenario(io.cucumber.testng.PickleWrapper,io.cucumber.testng.FeatureWrapper)[pri:0, instance:dsAlgoRunner.RunnerTest@4c5ae43b]" started-at="2025-01-23T17:38:30 CST" name="runScenario" description="Runs Cucumber Scenarios" data-provider="scenarios" finished-at="2025-01-23T17:38:37 CST" duration-ms="6550" status="PASS">
          <params>
            <param index="0">
              <value>
                <![CDATA["Verify that user is able to run valid Python code in Try Editor for Graph Page"]]>
              </value>
            </param>
            <param index="1">
              <value>
                <![CDATA["Graph functionality"]]>
              </value>
            </param>
          </params>
          <reporter-output>
          </reporter-output>
        </test-method> <!-- runScenario -->
        <test-method signature="runScenario(io.cucumber.testng.PickleWrapper,io.cucumber.testng.FeatureWrapper)[pri:0, instance:dsAlgoRunner.RunnerTest@4c5ae43b]" started-at="2025-01-23T17:38:37 CST" name="runScenario" description="Runs Cucumber Scenarios" data-provider="scenarios" finished-at="2025-01-23T17:38:43 CST" duration-ms="6667" status="PASS">
          <params>
            <param index="0">
              <value>
                <![CDATA["Verify that user is able to run valid Python code in Try Editor for Graph Page"]]>
              </value>
            </param>
            <param index="1">
              <value>
                <![CDATA["Graph functionality"]]>
              </value>
            </param>
          </params>
          <reporter-output>
          </reporter-output>
        </test-method> <!-- runScenario -->
        <test-method signature="runScenario(io.cucumber.testng.PickleWrapper,io.cucumber.testng.FeatureWrapper)[pri:0, instance:dsAlgoRunner.RunnerTest@4c5ae43b]" started-at="2025-01-23T17:38:43 CST" name="runScenario" description="Runs Cucumber Scenarios" data-provider="scenarios" finished-at="2025-01-23T17:38:49 CST" duration-ms="6035" status="FAIL">
          <params>
            <param index="0">
              <value>
                <![CDATA["Verify that user receives error when user clicks on run button without entering code in tryeditor for Graph Page"]]>
              </value>
            </param>
            <param index="1">
              <value>
                <![CDATA["Graph functionality"]]>
              </value>
            </param>
          </params>
          <exception class="java.lang.AssertionError">
            <message>
              <![CDATA[null]]>
            </message>
            <full-stacktrace>
              <![CDATA[java.lang.AssertionError: null
at org.testng.Assert.fail(Assert.java:111)
at org.testng.Assert.fail(Assert.java:116)
at dsAlgoStepdefinition.GraphSteps.the_user_should_see_an_error_message(GraphSteps.java:192)
at ✽.the user should see an error message(file:///C:/SahanaNUMPYNINJASDET/gitsss/DsAlgoQuesters/src/test/resources/dsAlgoFeatures/Graph.feature:68)
]]>
            </full-stacktrace>
          </exception> <!-- java.lang.AssertionError -->
          <reporter-output>
          </reporter-output>
        </test-method> <!-- runScenario -->
        <test-method signature="runScenario(io.cucumber.testng.PickleWrapper,io.cucumber.testng.FeatureWrapper)[pri:0, instance:dsAlgoRunner.RunnerTest@4c5ae43b]" started-at="2025-01-23T17:38:49 CST" name="runScenario" description="Runs Cucumber Scenarios" data-provider="scenarios" finished-at="2025-01-23T17:38:56 CST" duration-ms="7139" status="PASS">
          <params>
            <param index="0">
              <value>
                <![CDATA["Verify that user is able to run valid Python code in Try Editor for Graph Representation Page"]]>
              </value>
            </param>
            <param index="1">
              <value>
                <![CDATA["Graph functionality"]]>
              </value>
            </param>
          </params>
          <reporter-output>
          </reporter-output>
        </test-method> <!-- runScenario -->
        <test-method signature="runScenario(io.cucumber.testng.PickleWrapper,io.cucumber.testng.FeatureWrapper)[pri:0, instance:dsAlgoRunner.RunnerTest@4c5ae43b]" started-at="2025-01-23T17:38:56 CST" name="runScenario" description="Runs Cucumber Scenarios" data-provider="scenarios" finished-at="2025-01-23T17:39:03 CST" duration-ms="6896" status="PASS">
          <params>
            <param index="0">
              <value>
                <![CDATA["Verify that user is able to run valid Python code in Try Editor for Graph Representation Page"]]>
              </value>
            </param>
            <param index="1">
              <value>
                <![CDATA["Graph functionality"]]>
              </value>
            </param>
          </params>
          <reporter-output>
          </reporter-output>
        </test-method> <!-- runScenario -->
        <test-method signature="runScenario(io.cucumber.testng.PickleWrapper,io.cucumber.testng.FeatureWrapper)[pri:0, instance:dsAlgoRunner.RunnerTest@4c5ae43b]" started-at="2025-01-23T17:39:03 CST" name="runScenario" description="Runs Cucumber Scenarios" data-provider="scenarios" finished-at="2025-01-23T17:39:10 CST" duration-ms="6217" status="FAIL">
          <params>
            <param index="0">
              <value>
                <![CDATA["Verify that user receives error when user clicks on run button without entering code in tryeditor for Graph Page"]]>
              </value>
            </param>
            <param index="1">
              <value>
                <![CDATA["Graph functionality"]]>
              </value>
            </param>
          </params>
          <exception class="java.lang.AssertionError">
            <message>
              <![CDATA[null]]>
            </message>
            <full-stacktrace>
              <![CDATA[java.lang.AssertionError: null
at org.testng.Assert.fail(Assert.java:111)
at org.testng.Assert.fail(Assert.java:116)
at dsAlgoStepdefinition.GraphSteps.the_user_should_see_an_error_message(GraphSteps.java:192)
at ✽.the user should see an error message(file:///C:/SahanaNUMPYNINJASDET/gitsss/DsAlgoQuesters/src/test/resources/dsAlgoFeatures/Graph.feature:85)
]]>
            </full-stacktrace>
          </exception> <!-- java.lang.AssertionError -->
          <reporter-output>
          </reporter-output>
        </test-method> <!-- runScenario -->
        <test-method signature="runScenario(io.cucumber.testng.PickleWrapper,io.cucumber.testng.FeatureWrapper)[pri:0, instance:dsAlgoRunner.RunnerTest@4c5ae43b]" started-at="2025-01-23T17:39:10 CST" name="runScenario" description="Runs Cucumber Scenarios" data-provider="scenarios" finished-at="2025-01-23T17:39:15 CST" duration-ms="5029" status="PASS">
          <params>
            <param index="0">
              <value>
                <![CDATA["Verify the user is able to navigate to the options under DataStructure DropDown from Graph page"]]>
              </value>
            </param>
            <param index="1">
              <value>
                <![CDATA["Graph functionality"]]>
              </value>
            </param>
          </params>
          <reporter-output>
          </reporter-output>
        </test-method> <!-- runScenario -->
        <test-method signature="runScenario(io.cucumber.testng.PickleWrapper,io.cucumber.testng.FeatureWrapper)[pri:0, instance:dsAlgoRunner.RunnerTest@4c5ae43b]" started-at="2025-01-23T17:39:15 CST" name="runScenario" description="Runs Cucumber Scenarios" data-provider="scenarios" finished-at="2025-01-23T17:39:20 CST" duration-ms="5106" status="PASS">
          <params>
            <param index="0">
              <value>
                <![CDATA["Verify the user is able to navigate to the options under DataStructure DropDown from Graph page"]]>
              </value>
            </param>
            <param index="1">
              <value>
                <![CDATA["Graph functionality"]]>
              </value>
            </param>
          </params>
          <reporter-output>
          </reporter-output>
        </test-method> <!-- runScenario -->
        <test-method signature="runScenario(io.cucumber.testng.PickleWrapper,io.cucumber.testng.FeatureWrapper)[pri:0, instance:dsAlgoRunner.RunnerTest@4c5ae43b]" started-at="2025-01-23T17:39:20 CST" name="runScenario" description="Runs Cucumber Scenarios" data-provider="scenarios" finished-at="2025-01-23T17:39:25 CST" duration-ms="5135" status="PASS">
          <params>
            <param index="0">
              <value>
                <![CDATA["Verify the user is able to navigate to the options under DataStructure DropDown from Graph page"]]>
              </value>
            </param>
            <param index="1">
              <value>
                <![CDATA["Graph functionality"]]>
              </value>
            </param>
          </params>
          <reporter-output>
          </reporter-output>
        </test-method> <!-- runScenario -->
        <test-method signature="runScenario(io.cucumber.testng.PickleWrapper,io.cucumber.testng.FeatureWrapper)[pri:0, instance:dsAlgoRunner.RunnerTest@4c5ae43b]" started-at="2025-01-23T17:39:25 CST" name="runScenario" description="Runs Cucumber Scenarios" data-provider="scenarios" finished-at="2025-01-23T17:39:30 CST" duration-ms="5084" status="PASS">
          <params>
            <param index="0">
              <value>
                <![CDATA["Verify the user is able to navigate to the options under DataStructure DropDown from Graph page"]]>
              </value>
            </param>
            <param index="1">
              <value>
                <![CDATA["Graph functionality"]]>
              </value>
            </param>
          </params>
          <reporter-output>
          </reporter-output>
        </test-method> <!-- runScenario -->
        <test-method signature="runScenario(io.cucumber.testng.PickleWrapper,io.cucumber.testng.FeatureWrapper)[pri:0, instance:dsAlgoRunner.RunnerTest@4c5ae43b]" started-at="2025-01-23T17:39:30 CST" name="runScenario" description="Runs Cucumber Scenarios" data-provider="scenarios" finished-at="2025-01-23T17:39:35 CST" duration-ms="5351" status="PASS">
          <params>
            <param index="0">
              <value>
                <![CDATA["Verify the user is able to navigate to the options under DataStructure DropDown from Graph page"]]>
              </value>
            </param>
            <param index="1">
              <value>
                <![CDATA["Graph functionality"]]>
              </value>
            </param>
          </params>
          <reporter-output>
          </reporter-output>
        </test-method> <!-- runScenario -->
        <test-method signature="runScenario(io.cucumber.testng.PickleWrapper,io.cucumber.testng.FeatureWrapper)[pri:0, instance:dsAlgoRunner.RunnerTest@4c5ae43b]" started-at="2025-01-23T17:39:35 CST" name="runScenario" description="Runs Cucumber Scenarios" data-provider="scenarios" finished-at="2025-01-23T17:39:40 CST" duration-ms="5077" status="PASS">
          <params>
            <param index="0">
              <value>
                <![CDATA["Verify the user is able to navigate to the options under DataStructure DropDown from Graph page"]]>
              </value>
            </param>
            <param index="1">
              <value>
                <![CDATA["Graph functionality"]]>
              </value>
            </param>
          </params>
          <reporter-output>
          </reporter-output>
        </test-method> <!-- runScenario -->
        <test-method signature="runScenario(io.cucumber.testng.PickleWrapper,io.cucumber.testng.FeatureWrapper)[pri:0, instance:dsAlgoRunner.RunnerTest@4c5ae43b]" started-at="2025-01-23T17:39:40 CST" name="runScenario" description="Runs Cucumber Scenarios" data-provider="scenarios" finished-at="2025-01-23T17:39:44 CST" duration-ms="3240" status="PASS">
          <params>
            <param index="0">
              <value>
                <![CDATA["Verify User is able to navigate to DsAlgo Application"]]>
              </value>
            </param>
            <param index="1">
              <value>
                <![CDATA["Home functionality"]]>
              </value>
            </param>
          </params>
          <reporter-output>
          </reporter-output>
        </test-method> <!-- runScenario -->
        <test-method signature="runScenario(io.cucumber.testng.PickleWrapper,io.cucumber.testng.FeatureWrapper)[pri:0, instance:dsAlgoRunner.RunnerTest@4c5ae43b]" started-at="2025-01-23T17:39:44 CST" name="runScenario" description="Runs Cucumber Scenarios" data-provider="scenarios" finished-at="2025-01-23T17:39:47 CST" duration-ms="3788" status="PASS">
          <params>
            <param index="0">
              <value>
                <![CDATA["verify that user is able to navigate to homepage when clicked on getstarted button"]]>
              </value>
            </param>
            <param index="1">
              <value>
                <![CDATA["Home functionality"]]>
              </value>
            </param>
          </params>
          <reporter-output>
          </reporter-output>
        </test-method> <!-- runScenario -->
        <test-method signature="runScenario(io.cucumber.testng.PickleWrapper,io.cucumber.testng.FeatureWrapper)[pri:0, instance:dsAlgoRunner.RunnerTest@4c5ae43b]" started-at="2025-01-23T17:39:47 CST" name="runScenario" description="Runs Cucumber Scenarios" data-provider="scenarios" finished-at="2025-01-23T17:39:51 CST" duration-ms="3767" status="PASS">
          <params>
            <param index="0">
              <value>
                <![CDATA["Verify that the user is able to Navigate to Register page"]]>
              </value>
            </param>
            <param index="1">
              <value>
                <![CDATA["Home functionality"]]>
              </value>
            </param>
          </params>
          <reporter-output>
          </reporter-output>
        </test-method> <!-- runScenario -->
        <test-method signature="runScenario(io.cucumber.testng.PickleWrapper,io.cucumber.testng.FeatureWrapper)[pri:0, instance:dsAlgoRunner.RunnerTest@4c5ae43b]" started-at="2025-01-23T17:39:51 CST" name="runScenario" description="Runs Cucumber Scenarios" data-provider="scenarios" finished-at="2025-01-23T17:39:55 CST" duration-ms="3473" status="PASS">
          <params>
            <param index="0">
              <value>
                <![CDATA["Verify that the user is able to Navigate to Login page"]]>
              </value>
            </param>
            <param index="1">
              <value>
                <![CDATA["Home functionality"]]>
              </value>
            </param>
          </params>
          <reporter-output>
          </reporter-output>
        </test-method> <!-- runScenario -->
        <test-method signature="runScenario(io.cucumber.testng.PickleWrapper,io.cucumber.testng.FeatureWrapper)[pri:0, instance:dsAlgoRunner.RunnerTest@4c5ae43b]" started-at="2025-01-23T17:39:55 CST" name="runScenario" description="Runs Cucumber Scenarios" data-provider="scenarios" finished-at="2025-01-23T17:39:58 CST" duration-ms="3510" status="PASS">
          <params>
            <param index="0">
              <value>
                <![CDATA["Verify that the user sees six options under the Data Structure dropdown before logging in"]]>
              </value>
            </param>
            <param index="1">
              <value>
                <![CDATA["Home functionality"]]>
              </value>
            </param>
          </params>
          <reporter-output>
          </reporter-output>
        </test-method> <!-- runScenario -->
        <test-method signature="runScenario(io.cucumber.testng.PickleWrapper,io.cucumber.testng.FeatureWrapper)[pri:0, instance:dsAlgoRunner.RunnerTest@4c5ae43b]" started-at="2025-01-23T17:39:58 CST" name="runScenario" description="Runs Cucumber Scenarios" data-provider="scenarios" finished-at="2025-01-23T17:40:02 CST" duration-ms="3555" status="PASS">
          <params>
            <param index="0">
              <value>
                <![CDATA["Verify the error message when the user clicks on the GetStarted button under all the options in Home Page without signing in"]]>
              </value>
            </param>
            <param index="1">
              <value>
                <![CDATA["Home functionality"]]>
              </value>
            </param>
          </params>
          <reporter-output>
          </reporter-output>
        </test-method> <!-- runScenario -->
        <test-method signature="runScenario(io.cucumber.testng.PickleWrapper,io.cucumber.testng.FeatureWrapper)[pri:0, instance:dsAlgoRunner.RunnerTest@4c5ae43b]" started-at="2025-01-23T17:40:02 CST" name="runScenario" description="Runs Cucumber Scenarios" data-provider="scenarios" finished-at="2025-01-23T17:40:06 CST" duration-ms="3830" status="PASS">
          <params>
            <param index="0">
              <value>
                <![CDATA["Verify the error message when the user clicks on the GetStarted button under all the options in Home Page without signing in"]]>
              </value>
            </param>
            <param index="1">
              <value>
                <![CDATA["Home functionality"]]>
              </value>
            </param>
          </params>
          <reporter-output>
          </reporter-output>
        </test-method> <!-- runScenario -->
        <test-method signature="runScenario(io.cucumber.testng.PickleWrapper,io.cucumber.testng.FeatureWrapper)[pri:0, instance:dsAlgoRunner.RunnerTest@4c5ae43b]" started-at="2025-01-23T17:40:06 CST" name="runScenario" description="Runs Cucumber Scenarios" data-provider="scenarios" finished-at="2025-01-23T17:40:09 CST" duration-ms="3695" status="PASS">
          <params>
            <param index="0">
              <value>
                <![CDATA["Verify the error message when the user clicks on the GetStarted button under all the options in Home Page without signing in"]]>
              </value>
            </param>
            <param index="1">
              <value>
                <![CDATA["Home functionality"]]>
              </value>
            </param>
          </params>
          <reporter-output>
          </reporter-output>
        </test-method> <!-- runScenario -->
[...]
          <params>
            <param index="0">
              <value>
                <![CDATA["Verify that valid and invalid python code in TryEditor Types of Trees"]]>
              </value>
            </param>
            <param index="1">
              <value>
                <![CDATA["Tree functionality"]]>
              </value>
            </param>
          </params>
          <reporter-output>
          </reporter-output>
        </test-method> <!-- runScenario -->
        <test-method signature="runScenario(io.cucumber.testng.PickleWrapper,io.cucumber.testng.FeatureWrapper)[pri:0, instance:dsAlgoRunner.RunnerTest@4c5ae43b]" started-at="2025-01-23T17:55:34 CST" name="runScenario" description="Runs Cucumber Scenarios" data-provider="scenarios" finished-at="2025-01-23T17:55:40 CST" duration-ms="6229" status="PASS">
          <params>
            <param index="0">
              <value>
                <![CDATA["Verify that valid and invalid python code in TryEditor Tree Traversals"]]>
              </value>
            </param>
            <param index="1">
              <value>
                <![CDATA["Tree functionality"]]>
              </value>
            </param>
          </params>
          <reporter-output>
          </reporter-output>
        </test-method> <!-- runScenario -->
        <test-method signature="runScenario(io.cucumber.testng.PickleWrapper,io.cucumber.testng.FeatureWrapper)[pri:0, instance:dsAlgoRunner.RunnerTest@4c5ae43b]" started-at="2025-01-23T17:55:40 CST" name="runScenario" description="Runs Cucumber Scenarios" data-provider="scenarios" finished-at="2025-01-23T17:55:45 CST" duration-ms="4982" status="PASS">
          <params>
            <param index="0">
              <value>
                <![CDATA["Verify that valid and invalid python code in TryEditor Tree Traversals"]]>
              </value>
            </param>
            <param index="1">
              <value>
                <![CDATA["Tree functionality"]]>
              </value>
            </param>
          </params>
          <reporter-output>
          </reporter-output>
        </test-method> <!-- runScenario -->
        <test-method signature="runScenario(io.cucumber.testng.PickleWrapper,io.cucumber.testng.FeatureWrapper)[pri:0, instance:dsAlgoRunner.RunnerTest@4c5ae43b]" started-at="2025-01-23T17:55:45 CST" name="runScenario" description="Runs Cucumber Scenarios" data-provider="scenarios" finished-at="2025-01-23T17:55:51 CST" duration-ms="6169" status="PASS">
          <params>
            <param index="0">
              <value>
                <![CDATA["Verify that valid and invalid python code in TryEditor TraversalsIllustration"]]>
              </value>
            </param>
            <param index="1">
              <value>
                <![CDATA["Tree functionality"]]>
              </value>
            </param>
          </params>
          <reporter-output>
          </reporter-output>
        </test-method> <!-- runScenario -->
        <test-method signature="runScenario(io.cucumber.testng.PickleWrapper,io.cucumber.testng.FeatureWrapper)[pri:0, instance:dsAlgoRunner.RunnerTest@4c5ae43b]" started-at="2025-01-23T17:55:51 CST" name="runScenario" description="Runs Cucumber Scenarios" data-provider="scenarios" finished-at="2025-01-23T17:55:57 CST" duration-ms="5733" status="PASS">
          <params>
            <param index="0">
              <value>
                <![CDATA["Verify that valid and invalid python code in TryEditor TraversalsIllustration"]]>
              </value>
            </param>
            <param index="1">
              <value>
                <![CDATA["Tree functionality"]]>
              </value>
            </param>
          </params>
          <reporter-output>
          </reporter-output>
        </test-method> <!-- runScenario -->
        <test-method signature="runScenario(io.cucumber.testng.PickleWrapper,io.cucumber.testng.FeatureWrapper)[pri:0, instance:dsAlgoRunner.RunnerTest@4c5ae43b]" started-at="2025-01-23T17:55:57 CST" name="runScenario" description="Runs Cucumber Scenarios" data-provider="scenarios" finished-at="2025-01-23T17:56:02 CST" duration-ms="5315" status="PASS">
          <params>
            <param index="0">
              <value>
                <![CDATA["Verify that valid and invalid python code in TryEditor BinaryTrees"]]>
              </value>
            </param>
            <param index="1">
              <value>
                <![CDATA["Tree functionality"]]>
              </value>
            </param>
          </params>
          <reporter-output>
          </reporter-output>
        </test-method> <!-- runScenario -->
        <test-method signature="runScenario(io.cucumber.testng.PickleWrapper,io.cucumber.testng.FeatureWrapper)[pri:0, instance:dsAlgoRunner.RunnerTest@4c5ae43b]" started-at="2025-01-23T17:56:02 CST" name="runScenario" description="Runs Cucumber Scenarios" data-provider="scenarios" finished-at="2025-01-23T17:56:08 CST" duration-ms="6314" status="PASS">
          <params>
            <param index="0">
              <value>
                <![CDATA["Verify that valid and invalid python code in TryEditor BinaryTrees"]]>
              </value>
            </param>
            <param index="1">
              <value>
                <![CDATA["Tree functionality"]]>
              </value>
            </param>
          </params>
          <reporter-output>
          </reporter-output>
        </test-method> <!-- runScenario -->
        <test-method signature="runScenario(io.cucumber.testng.PickleWrapper,io.cucumber.testng.FeatureWrapper)[pri:0, instance:dsAlgoRunner.RunnerTest@4c5ae43b]" started-at="2025-01-23T17:56:08 CST" name="runScenario" description="Runs Cucumber Scenarios" data-provider="scenarios" finished-at="2025-01-23T17:56:15 CST" duration-ms="6254" status="PASS">
          <params>
            <param index="0">
              <value>
                <![CDATA["Verify that valid and invalid python code in TryEditor TypesOfBinaryTrees"]]>
              </value>
            </param>
            <param index="1">
              <value>
                <![CDATA["Tree functionality"]]>
              </value>
            </param>
          </params>
          <reporter-output>
          </reporter-output>
        </test-method> <!-- runScenario -->
        <test-method signature="runScenario(io.cucumber.testng.PickleWrapper,io.cucumber.testng.FeatureWrapper)[pri:0, instance:dsAlgoRunner.RunnerTest@4c5ae43b]" started-at="2025-01-23T17:56:15 CST" name="runScenario" description="Runs Cucumber Scenarios" data-provider="scenarios" finished-at="2025-01-23T17:56:22 CST" duration-ms="7023" status="PASS">
          <params>
            <param index="0">
              <value>
                <![CDATA["Verify that valid and invalid python code in TryEditor TypesOfBinaryTrees"]]>
              </value>
            </param>
            <param index="1">
              <value>
                <![CDATA["Tree functionality"]]>
              </value>
            </param>
          </params>
          <reporter-output>
          </reporter-output>
        </test-method> <!-- runScenario -->
        <test-method signature="runScenario(io.cucumber.testng.PickleWrapper,io.cucumber.testng.FeatureWrapper)[pri:0, instance:dsAlgoRunner.RunnerTest@4c5ae43b]" started-at="2025-01-23T17:56:22 CST" name="runScenario" description="Runs Cucumber Scenarios" data-provider="scenarios" finished-at="2025-01-23T17:56:27 CST" duration-ms="5502" status="PASS">
          <params>
            <param index="0">
              <value>
                <![CDATA["Verify that valid and invalid python code in TryEditor ImplementationInPython"]]>
              </value>
            </param>
            <param index="1">
              <value>
                <![CDATA["Tree functionality"]]>
              </value>
            </param>
          </params>
          <reporter-output>
          </reporter-output>
        </test-method> <!-- runScenario -->
        <test-method signature="runScenario(io.cucumber.testng.PickleWrapper,io.cucumber.testng.FeatureWrapper)[pri:0, instance:dsAlgoRunner.RunnerTest@4c5ae43b]" started-at="2025-01-23T17:56:27 CST" name="runScenario" description="Runs Cucumber Scenarios" data-provider="scenarios" finished-at="2025-01-23T17:56:33 CST" duration-ms="5544" status="PASS">
          <params>
            <param index="0">
              <value>
                <![CDATA["Verify that valid and invalid python code in TryEditor ImplementationInPython"]]>
              </value>
            </param>
            <param index="1">
              <value>
                <![CDATA["Tree functionality"]]>
              </value>
            </param>
          </params>
          <reporter-output>
          </reporter-output>
        </test-method> <!-- runScenario -->
        <test-method signature="runScenario(io.cucumber.testng.PickleWrapper,io.cucumber.testng.FeatureWrapper)[pri:0, instance:dsAlgoRunner.RunnerTest@4c5ae43b]" started-at="2025-01-23T17:56:33 CST" name="runScenario" description="Runs Cucumber Scenarios" data-provider="scenarios" finished-at="2025-01-23T17:56:39 CST" duration-ms="5766" status="PASS">
          <params>
            <param index="0">
              <value>
                <![CDATA["Verify that valid and invalid python code in TryEditor BinaryTreeTraversals"]]>
              </value>
            </param>
            <param index="1">
              <value>
                <![CDATA["Tree functionality"]]>
              </value>
            </param>
          </params>
          <reporter-output>
          </reporter-output>
        </test-method> <!-- runScenario -->
        <test-method signature="runScenario(io.cucumber.testng.PickleWrapper,io.cucumber.testng.FeatureWrapper)[pri:0, instance:dsAlgoRunner.RunnerTest@4c5ae43b]" started-at="2025-01-23T17:56:39 CST" name="runScenario" description="Runs Cucumber Scenarios" data-provider="scenarios" finished-at="2025-01-23T17:56:44 CST" duration-ms="5720" status="PASS">
          <params>
            <param index="0">
              <value>
                <![CDATA["Verify that valid and invalid python code in TryEditor BinaryTreeTraversals"]]>
              </value>
            </param>
            <param index="1">
              <value>
                <![CDATA["Tree functionality"]]>
              </value>
            </param>
          </params>
          <reporter-output>
          </reporter-output>
        </test-method> <!-- runScenario -->
        <test-method signature="runScenario(io.cucumber.testng.PickleWrapper,io.cucumber.testng.FeatureWrapper)[pri:0, instance:dsAlgoRunner.RunnerTest@4c5ae43b]" started-at="2025-01-23T17:56:44 CST" name="runScenario" description="Runs Cucumber Scenarios" data-provider="scenarios" finished-at="2025-01-23T17:56:50 CST" duration-ms="5916" status="PASS">
          <params>
            <param index="0">
              <value>
                <![CDATA["Verify that valid and invalid python code in TryEditor ApplicationsOfBinaryTrees"]]>
              </value>
            </param>
            <param index="1">
              <value>
                <![CDATA["Tree functionality"]]>
              </value>
            </param>
          </params>
          <reporter-output>
          </reporter-output>
        </test-method> <!-- runScenario -->
        <test-method signature="runScenario(io.cucumber.testng.PickleWrapper,io.cucumber.testng.FeatureWrapper)[pri:0, instance:dsAlgoRunner.RunnerTest@4c5ae43b]" started-at="2025-01-23T17:56:50 CST" name="runScenario" description="Runs Cucumber Scenarios" data-provider="scenarios" finished-at="2025-01-23T17:56:56 CST" duration-ms="5357" status="PASS">
          <params>
            <param index="0">
              <value>
                <![CDATA["Verify that valid and invalid python code in TryEditor ApplicationsOfBinaryTrees"]]>
              </value>
            </param>
            <param index="1">
              <value>
                <![CDATA["Tree functionality"]]>
              </value>
            </param>
          </params>
          <reporter-output>
          </reporter-output>
        </test-method> <!-- runScenario -->
        <test-method signature="runScenario(io.cucumber.testng.PickleWrapper,io.cucumber.testng.FeatureWrapper)[pri:0, instance:dsAlgoRunner.RunnerTest@4c5ae43b]" started-at="2025-01-23T17:56:56 CST" name="runScenario" description="Runs Cucumber Scenarios" data-provider="scenarios" finished-at="2025-01-23T17:57:01 CST" duration-ms="5780" status="PASS">
          <params>
            <param index="0">
              <value>
                <![CDATA["Verify that valid and invalid python code in TryEditor BinarySearchTrees"]]>
              </value>
            </param>
            <param index="1">
              <value>
                <![CDATA["Tree functionality"]]>
              </value>
            </param>
          </params>
          <reporter-output>
          </reporter-output>
        </test-method> <!-- runScenario -->
        <test-method signature="runScenario(io.cucumber.testng.PickleWrapper,io.cucumber.testng.FeatureWrapper)[pri:0, instance:dsAlgoRunner.RunnerTest@4c5ae43b]" started-at="2025-01-23T17:57:01 CST" name="runScenario" description="Runs Cucumber Scenarios" data-provider="scenarios" finished-at="2025-01-23T17:57:07 CST" duration-ms="5569" status="PASS">
          <params>
            <param index="0">
              <value>
                <![CDATA["Verify that valid and invalid python code in TryEditor BinarySearchTrees"]]>
              </value>
            </param>
            <param index="1">
              <value>
                <![CDATA["Tree functionality"]]>
              </value>
            </param>
          </params>
          <reporter-output>
          </reporter-output>
        </test-method> <!-- runScenario -->
        <test-method signature="runScenario(io.cucumber.testng.PickleWrapper,io.cucumber.testng.FeatureWrapper)[pri:0, instance:dsAlgoRunner.RunnerTest@4c5ae43b]" started-at="2025-01-23T17:57:07 CST" name="runScenario" description="Runs Cucumber Scenarios" data-provider="scenarios" finished-at="2025-01-23T17:57:13 CST" duration-ms="6241" status="PASS">
          <params>
            <param index="0">
              <value>
                <![CDATA["Verify that valid and invalid python code in TryEditor ImplementationOfBST"]]>
              </value>
            </param>
            <param index="1">
              <value>
                <![CDATA["Tree functionality"]]>
              </value>
            </param>
          </params>
          <reporter-output>
          </reporter-output>
        </test-method> <!-- runScenario -->
        <test-method signature="runScenario(io.cucumber.testng.PickleWrapper,io.cucumber.testng.FeatureWrapper)[pri:0, instance:dsAlgoRunner.RunnerTest@4c5ae43b]" started-at="2025-01-23T17:57:13 CST" name="runScenario" description="Runs Cucumber Scenarios" data-provider="scenarios" finished-at="2025-01-23T17:57:20 CST" duration-ms="6486" status="PASS">
          <params>
            <param index="0">
              <value>
                <![CDATA["Verify that valid and invalid python code in TryEditor ImplementationOfBST"]]>
              </value>
            </param>
            <param index="1">
              <value>
                <![CDATA["Tree functionality"]]>
              </value>
            </param>
          </params>
          <reporter-output>
          </reporter-output>
        </test-method> <!-- runScenario -->
        <test-method signature="runScenario(io.cucumber.testng.PickleWrapper,io.cucumber.testng.FeatureWrapper)[pri:0, instance:dsAlgoRunner.RunnerTest@4c5ae43b]" started-at="2025-01-23T17:57:20 CST" name="runScenario" description="Runs Cucumber Scenarios" data-provider="scenarios" finished-at="2025-01-23T17:57:24 CST" duration-ms="4790" status="FAIL">
          <params>
            <param index="0">
              <value>
                <![CDATA["Verify that user receives error when user clicks on run button without entering code in tryeditor for Overview of Trees"]]>
              </value>
            </param>
            <param index="1">
              <value>
                <![CDATA["Tree functionality"]]>
              </value>
            </param>
          </params>
          <exception class="java.lang.AssertionError">
            <message>
              <![CDATA[null]]>
            </message>
            <full-stacktrace>
              <![CDATA[java.lang.AssertionError: null
at org.testng.Assert.fail(Assert.java:111)
at org.testng.Assert.fail(Assert.java:116)
at dsAlgoStepdefinition.GraphSteps.the_user_should_see_an_error_message(GraphSteps.java:192)
at ✽.the user should see an error message(file:///C:/SahanaNUMPYNINJASDET/gitsss/DsAlgoQuesters/src/test/resources/dsAlgoFeatures/Tree.feature:191)
]]>
            </full-stacktrace>
          </exception> <!-- java.lang.AssertionError -->
          <reporter-output>
          </reporter-output>
        </test-method> <!-- runScenario -->
        <test-method signature="runScenario(io.cucumber.testng.PickleWrapper,io.cucumber.testng.FeatureWrapper)[pri:0, instance:dsAlgoRunner.RunnerTest@4c5ae43b]" started-at="2025-01-23T17:57:24 CST" name="runScenario" description="Runs Cucumber Scenarios" data-provider="scenarios" finished-at="2025-01-23T17:57:30 CST" duration-ms="5398" status="PASS">
          <params>
            <param index="0">
              <value>
                <![CDATA["Verify the user is in Practical Question of Overview of Trees"]]>
              </value>
            </param>
            <param index="1">
              <value>
                <![CDATA["Tree functionality"]]>
              </value>
            </param>
          </params>
          <reporter-output>
          </reporter-output>
        </test-method> <!-- runScenario -->
        <test-method signature="runScenario(io.cucumber.testng.PickleWrapper,io.cucumber.testng.FeatureWrapper)[pri:0, instance:dsAlgoRunner.RunnerTest@4c5ae43b]" started-at="2025-01-23T17:57:30 CST" name="runScenario" description="Runs Cucumber Scenarios" data-provider="scenarios" finished-at="2025-01-23T17:57:35 CST" duration-ms="4732" status="FAIL">
          <params>
            <param index="0">
              <value>
                <![CDATA["Verify user can see practice question list"]]>
              </value>
            </param>
            <param index="1">
              <value>
                <![CDATA["Tree functionality"]]>
              </value>
            </param>
          </params>
          <exception class="java.lang.AssertionError">
            <message>
              <![CDATA[null]]>
            </message>
            <full-stacktrace>
              <![CDATA[java.lang.AssertionError: null
at org.testng.Assert.fail(Assert.java:111)
at org.testng.Assert.fail(Assert.java:116)
at dsAlgoStepdefinition.TreeSteps.User_can_see_Practice_Question_List(TreeSteps.java:255)
at ✽.User can see Practice Question List(file:///C:/SahanaNUMPYNINJASDET/gitsss/DsAlgoQuesters/src/test/resources/dsAlgoFeatures/Tree.feature:202)
]]>
            </full-stacktrace>
          </exception> <!-- java.lang.AssertionError -->
          <reporter-output>
          </reporter-output>
        </test-method> <!-- runScenario -->
        <test-method is-config="true" signature="tearDownClass()[pri:0, instance:dsAlgoRunner.RunnerTest@4c5ae43b]" started-at="2025-01-23T17:57:35 CST" name="tearDownClass" finished-at="2025-01-23T17:57:35 CST" duration-ms="114" status="PASS">
          <reporter-output>
          </reporter-output>
        </test-method> <!-- tearDownClass -->
      </class> <!-- dsAlgoRunner.RunnerTest -->
    </test> <!-- Default test -->
  </suite> <!-- Default suite -->
</testng-results>
