<?xml version="1.0" encoding="UTF-8"?>
<testng-results ignored="0" total="54" passed="51" failed="3" skipped="0">
  <reporter-output>
  </reporter-output>
  <suite started-at="2025-01-24T14:23:42 CST" name="Default suite" finished-at="2025-01-24T14:25:53 CST" duration-ms="131076">
    <groups>
      <group name="cucumber">
        <method signature="AbstractTestNGCucumberTests.runScenario(io.cucumber.testng.PickleWrapper,io.cucumber.testng.FeatureWrapper)[pri:0, instance:dsAlgoRunner.RunnerTest@4c5ae43b]" name="runScenario" class="io.cucumber.testng.AbstractTestNGCucumberTests"/>
      </group> <!-- cucumber -->
    </groups>
    <test started-at="2025-01-24T14:23:42 CST" name="Default test" finished-at="2025-01-24T14:25:53 CST" duration-ms="131076">
      <class name="dsAlgoRunner.RunnerTest">
        <test-method is-config="true" signature="setUpClass(org.testng.ITestContext)[pri:0, instance:dsAlgoRunner.RunnerTest@4c5ae43b]" started-at="2025-01-24T14:23:42 CST" name="setUpClass" finished-at="2025-01-24T14:23:43 CST" duration-ms="542" status="PASS">
          <params>
            <param index="0">
              <value>
                <![CDATA[org.testng.TestRunner@6dbcf214]]>
              </value>
            </param>
          </params>
          <reporter-output>
          </reporter-output>
        </test-method> <!-- setUpClass -->
        <test-method signature="runScenario(io.cucumber.testng.PickleWrapper,io.cucumber.testng.FeatureWrapper)[pri:0, instance:dsAlgoRunner.RunnerTest@4c5ae43b]" started-at="2025-01-24T14:23:43 CST" name="runScenario" description="Runs Cucumber Scenarios" data-provider="scenarios" finished-at="2025-01-24T14:24:04 CST" duration-ms="21381" status="PASS">
          <params>
            <param index="0">
              <value>
                <![CDATA["Verify that user is able to navigate to "Tree" data structure page"]]>
              </value>
            </param>
            <param index="1">
              <value>
                <![CDATA["Tree functionality"]]>
              </value>
            </param>
          </params>
          <reporter-output>
          </reporter-output>
        </test-method> <!-- runScenario -->
        <test-method signature="runScenario(io.cucumber.testng.PickleWrapper,io.cucumber.testng.FeatureWrapper)[pri:0, instance:dsAlgoRunner.RunnerTest@4c5ae43b]" started-at="2025-01-24T14:23:43 CST" name="runScenario" description="Runs Cucumber Scenarios" data-provider="scenarios" finished-at="2025-01-24T14:24:18 CST" duration-ms="35314" status="PASS">
          <params>
            <param index="0">
              <value>
                <![CDATA["Verify the user is able to navigate to the Operations in Tree in Tree page"]]>
              </value>
            </param>
            <param index="1">
              <value>
                <![CDATA["Tree functionality"]]>
              </value>
            </param>
          </params>
          <reporter-output>
          </reporter-output>
        </test-method> <!-- runScenario -->
        <test-method signature="runScenario(io.cucumber.testng.PickleWrapper,io.cucumber.testng.FeatureWrapper)[pri:0, instance:dsAlgoRunner.RunnerTest@4c5ae43b]" started-at="2025-01-24T14:23:43 CST" name="runScenario" description="Runs Cucumber Scenarios" data-provider="scenarios" finished-at="2025-01-24T14:24:06 CST" duration-ms="23272" status="PASS">
          <params>
            <param index="0">
              <value>
                <![CDATA["Verify the user is able to navigate to the Operations in Tree in Tree page"]]>
              </value>
            </param>
            <param index="1">
              <value>
                <![CDATA["Tree functionality"]]>
              </value>
            </param>
          </params>
          <reporter-output>
          </reporter-output>
        </test-method> <!-- runScenario -->
        <test-method signature="runScenario(io.cucumber.testng.PickleWrapper,io.cucumber.testng.FeatureWrapper)[pri:0, instance:dsAlgoRunner.RunnerTest@4c5ae43b]" started-at="2025-01-24T14:23:43 CST" name="runScenario" description="Runs Cucumber Scenarios" data-provider="scenarios" finished-at="2025-01-24T14:24:13 CST" duration-ms="30197" status="PASS">
          <params>
            <param index="0">
              <value>
                <![CDATA["Verify the user is able to navigate to the Operations in Tree in Tree page"]]>
              </value>
            </param>
            <param index="1">
              <value>
                <![CDATA["Tree functionality"]]>
              </value>
            </param>
          </params>
          <reporter-output>
          </reporter-output>
        </test-method> <!-- runScenario -->
        <test-method signature="runScenario(io.cucumber.testng.PickleWrapper,io.cucumber.testng.FeatureWrapper)[pri:0, instance:dsAlgoRunner.RunnerTest@4c5ae43b]" started-at="2025-01-24T14:23:43 CST" name="runScenario" description="Runs Cucumber Scenarios" data-provider="scenarios" finished-at="2025-01-24T14:24:06 CST" duration-ms="23353" status="PASS">
          <params>
            <param index="0">
              <value>
                <![CDATA["Verify the user is able to navigate to the Operations in Tree in Tree page"]]>
              </value>
            </param>
            <param index="1">
              <value>
                <![CDATA["Tree functionality"]]>
              </value>
            </param>
          </params>
          <reporter-output>
          </reporter-output>
        </test-method> <!-- runScenario -->
        <test-method signature="runScenario(io.cucumber.testng.PickleWrapper,io.cucumber.testng.FeatureWrapper)[pri:0, instance:dsAlgoRunner.RunnerTest@4c5ae43b]" started-at="2025-01-24T14:23:43 CST" name="runScenario" description="Runs Cucumber Scenarios" data-provider="scenarios" finished-at="2025-01-24T14:24:03 CST" duration-ms="19700" status="PASS">
          <params>
            <param index="0">
              <value>
                <![CDATA["Verify the user is able to navigate to the Operations in Tree in Tree page"]]>
              </value>
            </param>
            <param index="1">
              <value>
                <![CDATA["Tree functionality"]]>
              </value>
            </param>
          </params>
          <reporter-output>
          </reporter-output>
        </test-method> <!-- runScenario -->
        <test-method signature="runScenario(io.cucumber.testng.PickleWrapper,io.cucumber.testng.FeatureWrapper)[pri:0, instance:dsAlgoRunner.RunnerTest@4c5ae43b]" started-at="2025-01-24T14:23:43 CST" name="runScenario" description="Runs Cucumber Scenarios" data-provider="scenarios" finished-at="2025-01-24T14:24:22 CST" duration-ms="38904" status="PASS">
          <params>
            <param index="0">
              <value>
                <![CDATA["Verify the user is able to navigate to the Operations in Tree in Tree page"]]>
              </value>
            </param>
            <param index="1">
              <value>
                <![CDATA["Tree functionality"]]>
              </value>
            </param>
          </params>
          <reporter-output>
          </reporter-output>
        </test-method> <!-- runScenario -->
        <test-method signature="runScenario(io.cucumber.testng.PickleWrapper,io.cucumber.testng.FeatureWrapper)[pri:0, instance:dsAlgoRunner.RunnerTest@4c5ae43b]" started-at="2025-01-24T14:23:43 CST" name="runScenario" description="Runs Cucumber Scenarios" data-provider="scenarios" finished-at="2025-01-24T14:24:05 CST" duration-ms="21989" status="PASS">
          <params>
            <param index="0">
              <value>
                <![CDATA["Verify the user is able to navigate to the Operations in Tree in Tree page"]]>
              </value>
            </param>
            <param index="1">
              <value>
                <![CDATA["Tree functionality"]]>
              </value>
            </param>
          </params>
          <reporter-output>
          </reporter-output>
        </test-method> <!-- runScenario -->
        <test-method signature="runScenario(io.cucumber.testng.PickleWrapper,io.cucumber.testng.FeatureWrapper)[pri:0, instance:dsAlgoRunner.RunnerTest@4c5ae43b]" started-at="2025-01-24T14:23:43 CST" name="runScenario" description="Runs Cucumber Scenarios" data-provider="scenarios" finished-at="2025-01-24T14:24:03 CST" duration-ms="19699" status="PASS">
          <params>
            <param index="0">
              <value>
                <![CDATA["Verify the user is able to navigate to the Operations in Tree in Tree page"]]>
              </value>
            </param>
            <param index="1">
              <value>
                <![CDATA["Tree functionality"]]>
              </value>
            </param>
          </params>
          <reporter-output>
          </reporter-output>
        </test-method> <!-- runScenario -->
        <test-method signature="runScenario(io.cucumber.testng.PickleWrapper,io.cucumber.testng.FeatureWrapper)[pri:0, instance:dsAlgoRunner.RunnerTest@4c5ae43b]" started-at="2025-01-24T14:23:43 CST" name="runScenario" description="Runs Cucumber Scenarios" data-provider="scenarios" finished-at="2025-01-24T14:24:07 CST" duration-ms="24234" status="PASS">
          <params>
            <param index="0">
              <value>
                <![CDATA["Verify the user is able to navigate to the Operations in Tree in Tree page"]]>
              </value>
            </param>
            <param index="1">
              <value>
                <![CDATA["Tree functionality"]]>
              </value>
            </param>
          </params>
          <reporter-output>
          </reporter-output>
        </test-method> <!-- runScenario -->
        <test-method signature="runScenario(io.cucumber.testng.PickleWrapper,io.cucumber.testng.FeatureWrapper)[pri:0, instance:dsAlgoRunner.RunnerTest@4c5ae43b]" started-at="2025-01-24T14:24:03 CST" name="runScenario" description="Runs Cucumber Scenarios" data-provider="scenarios" finished-at="2025-01-24T14:24:31 CST" duration-ms="28125" status="PASS">
          <params>
            <param index="0">
              <value>
                <![CDATA["Verify the user is able to navigate to the Operations in Tree in Tree page"]]>
              </value>
            </param>
            <param index="1">
              <value>
                <![CDATA["Tree functionality"]]>
              </value>
            </param>
          </params>
          <reporter-output>
          </reporter-output>
        </test-method> <!-- runScenario -->
        <test-method signature="runScenario(io.cucumber.testng.PickleWrapper,io.cucumber.testng.FeatureWrapper)[pri:0, instance:dsAlgoRunner.RunnerTest@4c5ae43b]" started-at="2025-01-24T14:24:03 CST" name="runScenario" description="Runs Cucumber Scenarios" data-provider="scenarios" finished-at="2025-01-24T14:24:23 CST" duration-ms="20000" status="PASS">
          <params>
            <param index="0">
              <value>
                <![CDATA["Verify the user is able to navigate to the Operations in Tree in Tree page"]]>
              </value>
            </param>
            <param index="1">
              <value>
                <![CDATA["Tree functionality"]]>
              </value>
            </param>
          </params>
          <reporter-output>
          </reporter-output>
        </test-method> <!-- runScenario -->
        <test-method signature="runScenario(io.cucumber.testng.PickleWrapper,io.cucumber.testng.FeatureWrapper)[pri:0, instance:dsAlgoRunner.RunnerTest@4c5ae43b]" started-at="2025-01-24T14:24:04 CST" name="runScenario" description="Runs Cucumber Scenarios" data-provider="scenarios" finished-at="2025-01-24T14:24:30 CST" duration-ms="25384" status="PASS">
          <params>
            <param index="0">
              <value>
                <![CDATA["Verify the user is able to navigate to the Operations in Tree in Tree page"]]>
              </value>
            </param>
            <param index="1">
              <value>
                <![CDATA["Tree functionality"]]>
              </value>
            </param>
          </params>
          <reporter-output>
          </reporter-output>
        </test-method> <!-- runScenario -->
        <test-method signature="runScenario(io.cucumber.testng.PickleWrapper,io.cucumber.testng.FeatureWrapper)[pri:0, instance:dsAlgoRunner.RunnerTest@4c5ae43b]" started-at="2025-01-24T14:24:05 CST" name="runScenario" description="Runs Cucumber Scenarios" data-provider="scenarios" finished-at="2025-01-24T14:24:27 CST" duration-ms="22030" status="PASS">
          <params>
            <param index="0">
              <value>
                <![CDATA["Verify the user is able to navigate to the Operations in Tree in Tree page"]]>
              </value>
            </param>
            <param index="1">
              <value>
                <![CDATA["Tree functionality"]]>
              </value>
            </param>
          </params>
          <reporter-output>
          </reporter-output>
        </test-method> <!-- runScenario -->
        <test-method signature="runScenario(io.cucumber.testng.PickleWrapper,io.cucumber.testng.FeatureWrapper)[pri:0, instance:dsAlgoRunner.RunnerTest@4c5ae43b]" started-at="2025-01-24T14:24:06 CST" name="runScenario" description="Runs Cucumber Scenarios" data-provider="scenarios" finished-at="2025-01-24T14:24:34 CST" duration-ms="27527" status="PASS">
          <params>
            <param index="0">
              <value>
                <![CDATA["Verify the user is able to navigate to TryEditor page from Tree Options"]]>
              </value>
            </param>
            <param index="1">
              <value>
                <![CDATA["Tree functionality"]]>
              </value>
            </param>
          </params>
          <reporter-output>
          </reporter-output>
        </test-method> <!-- runScenario -->
        <test-method signature="runScenario(io.cucumber.testng.PickleWrapper,io.cucumber.testng.FeatureWrapper)[pri:0, instance:dsAlgoRunner.RunnerTest@4c5ae43b]" started-at="2025-01-24T14:24:06 CST" name="runScenario" description="Runs Cucumber Scenarios" data-provider="scenarios" finished-at="2025-01-24T14:24:32 CST" duration-ms="25958" status="PASS">
          <params>
            <param index="0">
              <value>
                <![CDATA["Verify the user is able to navigate to TryEditor page from Tree Options"]]>
              </value>
            </param>
            <param index="1">
              <value>
                <![CDATA["Tree functionality"]]>
              </value>
            </param>
          </params>
          <reporter-output>
          </reporter-output>
        </test-method> <!-- runScenario -->
        <test-method signature="runScenario(io.cucumber.testng.PickleWrapper,io.cucumber.testng.FeatureWrapper)[pri:0, instance:dsAlgoRunner.RunnerTest@4c5ae43b]" started-at="2025-01-24T14:24:07 CST" name="runScenario" description="Runs Cucumber Scenarios" data-provider="scenarios" finished-at="2025-01-24T14:24:29 CST" duration-ms="21760" status="PASS">
          <params>
            <param index="0">
              <value>
                <![CDATA["Verify the user is able to navigate to TryEditor page from Tree Options"]]>
              </value>
            </param>
            <param index="1">
              <value>
                <![CDATA["Tree functionality"]]>
              </value>
            </param>
          </params>
          <reporter-output>
          </reporter-output>
        </test-method> <!-- runScenario -->
        <test-method signature="runScenario(io.cucumber.testng.PickleWrapper,io.cucumber.testng.FeatureWrapper)[pri:0, instance:dsAlgoRunner.RunnerTest@4c5ae43b]" started-at="2025-01-24T14:24:13 CST" name="runScenario" description="Runs Cucumber Scenarios" data-provider="scenarios" finished-at="2025-01-24T14:24:30 CST" duration-ms="16802" status="PASS">
          <params>
            <param index="0">
              <value>
                <![CDATA["Verify the user is able to navigate to TryEditor page from Tree Options"]]>
              </value>
            </param>
            <param index="1">
              <value>
                <![CDATA["Tree functionality"]]>
              </value>
            </param>
          </params>
          <reporter-output>
          </reporter-output>
        </test-method> <!-- runScenario -->
        <test-method signature="runScenario(io.cucumber.testng.PickleWrapper,io.cucumber.testng.FeatureWrapper)[pri:0, instance:dsAlgoRunner.RunnerTest@4c5ae43b]" started-at="2025-01-24T14:24:18 CST" name="runScenario" description="Runs Cucumber Scenarios" data-provider="scenarios" finished-at="2025-01-24T14:24:34 CST" duration-ms="15555" status="PASS">
          <params>
            <param index="0">
              <value>
                <![CDATA["Verify the user is able to navigate to TryEditor page from Tree Options"]]>
              </value>
            </param>
            <param index="1">
              <value>
                <![CDATA["Tree functionality"]]>
              </value>
            </param>
          </params>
          <reporter-output>
          </reporter-output>
        </test-method> <!-- runScenario -->
        <test-method signature="runScenario(io.cucumber.testng.PickleWrapper,io.cucumber.testng.FeatureWrapper)[pri:0, instance:dsAlgoRunner.RunnerTest@4c5ae43b]" started-at="2025-01-24T14:24:22 CST" name="runScenario" description="Runs Cucumber Scenarios" data-provider="scenarios" finished-at="2025-01-24T14:24:52 CST" duration-ms="29752" status="PASS">
          <params>
            <param index="0">
              <value>
                <![CDATA["Verify the user is able to navigate to TryEditor page from Tree Options"]]>
              </value>
            </param>
            <param index="1">
              <value>
                <![CDATA["Tree functionality"]]>
              </value>
            </param>
          </params>
          <reporter-output>
          </reporter-output>
        </test-method> <!-- runScenario -->
        <test-method signature="runScenario(io.cucumber.testng.PickleWrapper,io.cucumber.testng.FeatureWrapper)[pri:0, instance:dsAlgoRunner.RunnerTest@4c5ae43b]" started-at="2025-01-24T14:24:23 CST" name="runScenario" description="Runs Cucumber Scenarios" data-provider="scenarios" finished-at="2025-01-24T14:24:50 CST" duration-ms="27513" status="PASS">
          <params>
            <param index="0">
              <value>
                <![CDATA["Verify the user is able to navigate to TryEditor page from Tree Options"]]>
              </value>
            </param>
            <param index="1">
              <value>
                <![CDATA["Tree functionality"]]>
              </value>
            </param>
          </params>
          <reporter-output>
          </reporter-output>
        </test-method> <!-- runScenario -->
        <test-method signature="runScenario(io.cucumber.testng.PickleWrapper,io.cucumber.testng.FeatureWrapper)[pri:0, instance:dsAlgoRunner.RunnerTest@4c5ae43b]" started-at="2025-01-24T14:24:27 CST" name="runScenario" description="Runs Cucumber Scenarios" data-provider="scenarios" finished-at="2025-01-24T14:24:50 CST" duration-ms="23064" status="PASS">
          <params>
            <param index="0">
              <value>
                <![CDATA["Verify the user is able to navigate to TryEditor page from Tree Options"]]>
              </value>
            </param>
            <param index="1">
              <value>
                <![CDATA["Tree functionality"]]>
              </value>
            </param>
          </params>
          <reporter-output>
          </reporter-output>
        </test-method> <!-- runScenario -->
        <test-method signature="runScenario(io.cucumber.testng.PickleWrapper,io.cucumber.testng.FeatureWrapper)[pri:0, instance:dsAlgoRunner.RunnerTest@4c5ae43b]" started-at="2025-01-24T14:24:29 CST" name="runScenario" description="Runs Cucumber Scenarios" data-provider="scenarios" finished-at="2025-01-24T14:24:51 CST" duration-ms="22141" status="PASS">
          <params>
            <param index="0">
              <value>
                <![CDATA["Verify the user is able to navigate to TryEditor page from Tree Options"]]>
              </value>
            </param>
            <param index="1">
              <value>
                <![CDATA["Tree functionality"]]>
              </value>
            </param>
          </params>
          <reporter-output>
          </reporter-output>
        </test-method> <!-- runScenario -->
        <test-method signature="runScenario(io.cucumber.testng.PickleWrapper,io.cucumber.testng.FeatureWrapper)[pri:0, instance:dsAlgoRunner.RunnerTest@4c5ae43b]" started-at="2025-01-24T14:24:30 CST" name="runScenario" description="Runs Cucumber Scenarios" data-provider="scenarios" finished-at="2025-01-24T14:24:52 CST" duration-ms="22313" status="PASS">
          <params>
            <param index="0">
              <value>
                <![CDATA["Verify the user is able to navigate to TryEditor page from Tree Options"]]>
              </value>
            </param>
            <param index="1">
              <value>
                <![CDATA["Tree functionality"]]>
              </value>
            </param>
          </params>
          <reporter-output>
          </reporter-output>
        </test-method> <!-- runScenario -->
        <test-method signature="runScenario(io.cucumber.testng.PickleWrapper,io.cucumber.testng.FeatureWrapper)[pri:0, instance:dsAlgoRunner.RunnerTest@4c5ae43b]" started-at="2025-01-24T14:24:30 CST" name="runScenario" description="Runs Cucumber Scenarios" data-provider="scenarios" finished-at="2025-01-24T14:24:51 CST" duration-ms="21496" status="PASS">
          <params>
            <param index="0">
              <value>
                <![CDATA["Verify the user is able to navigate to TryEditor page from Tree Options"]]>
              </value>
            </param>
            <param index="1">
              <value>
                <![CDATA["Tree functionality"]]>
              </value>
            </param>
          </params>
          <reporter-output>
          </reporter-output>
        </test-method> <!-- runScenario -->
        <test-method signature="runScenario(io.cucumber.testng.PickleWrapper,io.cucumber.testng.FeatureWrapper)[pri:0, instance:dsAlgoRunner.RunnerTest@4c5ae43b]" started-at="2025-01-24T14:24:31 CST" name="runScenario" description="Runs Cucumber Scenarios" data-provider="scenarios" finished-at="2025-01-24T14:24:52 CST" duration-ms="20822" status="PASS">
          <params>
            <param index="0">
              <value>
                <![CDATA["Verify the user is able to navigate to TryEditor page from Tree Options"]]>
              </value>
            </param>
            <param index="1">
              <value>
                <![CDATA["Tree functionality"]]>
              </value>
            </param>
          </params>
          <reporter-output>
          </reporter-output>
        </test-method> <!-- runScenario -->
        <test-method signature="runScenario(io.cucumber.testng.PickleWrapper,io.cucumber.testng.FeatureWrapper)[pri:0, instance:dsAlgoRunner.RunnerTest@4c5ae43b]" started-at="2025-01-24T14:24:32 CST" name="runScenario" description="Runs Cucumber Scenarios" data-provider="scenarios" finished-at="2025-01-24T14:24:53 CST" duration-ms="20368" status="PASS">
          <params>
            <param index="0">
              <value>
                <![CDATA["Verify the user is able to navigate to TryEditor page from Tree Options"]]>
              </value>
            </param>
            <param index="1">
              <value>
                <![CDATA["Tree functionality"]]>
              </value>
            </param>
          </params>
          <reporter-output>
          </reporter-output>
        </test-method> <!-- runScenario -->
        <test-method signature="runScenario(io.cucumber.testng.PickleWrapper,io.cucumber.testng.FeatureWrapper)[pri:0, instance:dsAlgoRunner.RunnerTest@4c5ae43b]" started-at="2025-01-24T14:24:34 CST" name="runScenario" description="Runs Cucumber Scenarios" data-provider="scenarios" finished-at="2025-01-24T14:25:00 CST" duration-ms="26570" status="PASS">
          <params>
            <param index="0">
              <value>
                <![CDATA["Verify that valid and invalid python code in TryEditor Overview of Trees"]]>
              </value>
            </param>
            <param index="1">
              <value>
                <![CDATA["Tree functionality"]]>
              </value>
            </param>
          </params>
          <reporter-output>
          </reporter-output>
        </test-method> <!-- runScenario -->
        <test-method signature="runScenario(io.cucumber.testng.PickleWrapper,io.cucumber.testng.FeatureWrapper)[pri:0, instance:dsAlgoRunner.RunnerTest@4c5ae43b]" started-at="2025-01-24T14:24:34 CST" name="runScenario" description="Runs Cucumber Scenarios" data-provider="scenarios" finished-at="2025-01-24T14:25:03 CST" duration-ms="29448" status="PASS">
          <params>
            <param index="0">
              <value>
                <![CDATA["Verify that valid and invalid python code in TryEditor Overview of Trees"]]>
              </value>
            </param>
            <param index="1">
              <value>
                <![CDATA["Tree functionality"]]>
              </value>
            </param>
          </params>
          <reporter-output>
          </reporter-output>
        </test-method> <!-- runScenario -->
        <test-method signature="runScenario(io.cucumber.testng.PickleWrapper,io.cucumber.testng.FeatureWrapper)[pri:0, instance:dsAlgoRunner.RunnerTest@4c5ae43b]" started-at="2025-01-24T14:24:50 CST" name="runScenario" description="Runs Cucumber Scenarios" data-provider="scenarios" finished-at="2025-01-24T14:25:25 CST" duration-ms="34825" status="PASS">
          <params>
            <param index="0">
              <value>
                <![CDATA["Verify that valid and invalid python code in TryEditor Terminologies"]]>
              </value>
            </param>
            <param index="1">
              <value>
                <![CDATA["Tree functionality"]]>
              </value>
            </param>
          </params>
          <reporter-output>
          </reporter-output>
        </test-method> <!-- runScenario -->
        <test-method signature="runScenario(io.cucumber.testng.PickleWrapper,io.cucumber.testng.FeatureWrapper)[pri:0, instance:dsAlgoRunner.RunnerTest@4c5ae43b]" started-at="2025-01-24T14:24:50 CST" name="runScenario" description="Runs Cucumber Scenarios" data-provider="scenarios" finished-at="2025-01-24T14:25:14 CST" duration-ms="23723" status="PASS">
          <params>
            <param index="0">
              <value>
                <![CDATA["Verify that valid and invalid python code in TryEditor Terminologies"]]>
              </value>
            </param>
            <param index="1">
              <value>
                <![CDATA["Tree functionality"]]>
              </value>
            </param>
          </params>
          <reporter-output>
          </reporter-output>
        </test-method> <!-- runScenario -->
        <test-method signature="runScenario(io.cucumber.testng.PickleWrapper,io.cucumber.testng.FeatureWrapper)[pri:0, instance:dsAlgoRunner.RunnerTest@4c5ae43b]" started-at="2025-01-24T14:24:51 CST" name="runScenario" description="Runs Cucumber Scenarios" data-provider="scenarios" finished-at="2025-01-24T14:25:14 CST" duration-ms="22948" status="PASS">
          <params>
            <param index="0">
              <value>
                <![CDATA["Verify that valid and invalid python code in TryEditor Types of Trees"]]>
              </value>
            </param>
            <param index="1">
              <value>
                <![CDATA["Tree functionality"]]>
              </value>
            </param>
          </params>
          <reporter-output>
          </reporter-output>
        </test-method> <!-- runScenario -->
        <test-method signature="runScenario(io.cucumber.testng.PickleWrapper,io.cucumber.testng.FeatureWrapper)[pri:0, instance:dsAlgoRunner.RunnerTest@4c5ae43b]" started-at="2025-01-24T14:24:51 CST" name="runScenario" description="Runs Cucumber Scenarios" data-provider="scenarios" finished-at="2025-01-24T14:24:54 CST" duration-ms="2352" status="FAIL">
          <params>
            <param index="0">
              <value>
                <![CDATA["Verify that valid and invalid python code in TryEditor Types of Trees"]]>
              </value>
            </param>
            <param index="1">
              <value>
                <![CDATA["Tree functionality"]]>
              </value>
            </param>
          </params>
          <exception class="org.openqa.selenium.SessionNotCreatedException">
            <message>
              <![CDATA[Could not start a new session. Possible causes are invalid address of the remote server or browser start-up failure. 
Host info: host: 'SUKEERTHSAHANA', ip: '192.168.0.199']]>
            </message>
            <full-stacktrace>
              <![CDATA[org.openqa.selenium.SessionNotCreatedException: Could not start a new session. Possible causes are invalid address of the remote server or browser start-up failure. 
Host info: host: 'SUKEERTHSAHANA', ip: '192.168.0.199'
at org.openqa.selenium.remote.RemoteWebDriver.execute(RemoteWebDriver.java:563)
at org.openqa.selenium.remote.RemoteWebDriver.startSession(RemoteWebDriver.java:245)
at org.openqa.selenium.remote.RemoteWebDriver.<init>(RemoteWebDriver.java:174)
at org.openqa.selenium.chromium.ChromiumDriver.<init>(ChromiumDriver.java:114)
at org.openqa.selenium.chrome.ChromeDriver.<init>(ChromeDriver.java:88)
at org.openqa.selenium.chrome.ChromeDriver.<init>(ChromeDriver.java:83)
at org.openqa.selenium.chrome.ChromeDriver.<init>(ChromeDriver.java:51)
at dsAlgoDriverFactory.DriverFactory.Intializebrowser(DriverFactory.java:26)
at dsAlgoHooks.Hooks.launchBrowser(Hooks.java:36)
Caused by: org.openqa.selenium.WebDriverException: Driver server process died prematurely.
Build info: version: '4.27.0', revision: 'd6e718d134'
System info: os.name: 'Windows 11', os.arch: 'amd64', os.version: '10.0', java.version: '21.0.3'
Driver info: driver.version: ChromeDriver
at org.openqa.selenium.remote.service.DriverService.start(DriverService.java:246)
at org.openqa.selenium.remote.service.DriverCommandExecutor.execute(DriverCommandExecutor.java:117)
at org.openqa.selenium.remote.RemoteWebDriver.execute(RemoteWebDriver.java:545)
at org.openqa.selenium.remote.RemoteWebDriver.startSession(RemoteWebDriver.java:245)
at org.openqa.selenium.remote.RemoteWebDriver.<init>(RemoteWebDriver.java:174)
at org.openqa.selenium.chromium.ChromiumDriver.<init>(ChromiumDriver.java:114)
at org.openqa.selenium.chrome.ChromeDriver.<init>(ChromeDriver.java:88)
at org.openqa.selenium.chrome.ChromeDriver.<init>(ChromeDriver.java:83)
at org.openqa.selenium.chrome.ChromeDriver.<init>(ChromeDriver.java:51)
at dsAlgoDriverFactory.DriverFactory.Intializebrowser(DriverFactory.java:26)
at dsAlgoHooks.Hooks.launchBrowser(Hooks.java:36)
at java.base/jdk.internal.reflect.DirectMethodHandleAccessor.invoke(DirectMethodHandleAccessor.java:103)
at java.base/java.lang.reflect.Method.invoke(Method.java:580)
at io.cucumber.java.Invoker.doInvoke(Invoker.java:66)
at io.cucumber.java.Invoker.invoke(Invoker.java:24)
at io.cucumber.java.AbstractGlueDefinition.invokeMethod(AbstractGlueDefinition.java:47)
at io.cucumber.java.JavaHookDefinition.execute(JavaHookDefinition.java:64)
at io.cucumber.core.runner.CoreHookDefinition.execute(CoreHookDefinition.java:47)
at io.cucumber.core.runner.HookDefinitionMatch.runStep(HookDefinitionMatch.java:21)
at io.cucumber.core.runner.ExecutionMode$1.execute(ExecutionMode.java:10)
at io.cucumber.core.runner.TestStep.executeStep(TestStep.java:81)
at io.cucumber.core.runner.TestStep.run(TestStep.java:53)
at io.cucumber.core.runner.TestCase.run(TestCase.java:78)
at io.cucumber.core.runner.Runner.runPickle(Runner.java:75)
at io.cucumber.testng.TestNGCucumberRunner.lambda$runScenario$1(TestNGCucumberRunner.java:135)
at io.cucumber.core.runtime.CucumberExecutionContext.lambda$runTestCase$5(CucumberExecutionContext.java:136)
at io.cucumber.core.runtime.RethrowingThrowableCollector.executeAndThrow(RethrowingThrowableCollector.java:23)
at io.cucumber.core.runtime.CucumberExecutionContext.runTestCase(CucumberExecutionContext.java:136)
at io.cucumber.testng.TestNGCucumberRunner.runScenario(TestNGCucumberRunner.java:132)
at io.cucumber.testng.AbstractTestNGCucumberTests.runScenario(AbstractTestNGCucumberTests.java:35)
at java.base/jdk.internal.reflect.DirectMethodHandleAccessor.invoke(DirectMethodHandleAccessor.java:103)
at java.base/java.lang.reflect.Method.invoke(Method.java:580)
at org.testng.internal.invokers.MethodInvocationHelper.invokeMethod(MethodInvocationHelper.java:141)
at org.testng.internal.invokers.TestInvoker.invokeMethod(TestInvoker.java:686)
at org.testng.internal.invokers.TestInvoker.invokeTestMethod(TestInvoker.java:230)
at org.testng.internal.invokers.TestMethodWithDataProviderMethodWorker.call(TestMethodWithDataProviderMethodWorker.java:81)
at org.testng.internal.thread.Async$AsyncTask.run(Async.java:34)
at java.base/java.util.concurrent.ThreadPoolExecutor.runWorker(ThreadPoolExecutor.java:1144)
at java.base/java.util.concurrent.ThreadPoolExecutor$Worker.run(ThreadPoolExecutor.java:642)
at java.base/java.lang.Thread.run(Thread.java:1583)
]]>
            </full-stacktrace>
          </exception> <!-- org.openqa.selenium.SessionNotCreatedException -->
          <reporter-output>
          </reporter-output>
        </test-method> <!-- runScenario -->
        <test-method signature="runScenario(io.cucumber.testng.PickleWrapper,io.cucumber.testng.FeatureWrapper)[pri:0, instance:dsAlgoRunner.RunnerTest@4c5ae43b]" started-at="2025-01-24T14:24:52 CST" name="runScenario" description="Runs Cucumber Scenarios" data-provider="scenarios" finished-at="2025-01-24T14:25:25 CST" duration-ms="33005" status="PASS">
          <params>
            <param index="0">
              <value>
                <![CDATA["Verify that valid and invalid python code in TryEditor Tree Traversals"]]>
              </value>
            </param>
            <param index="1">
              <value>
                <![CDATA["Tree functionality"]]>
              </value>
            </param>
          </params>
          <reporter-output>
          </reporter-output>
        </test-method> <!-- runScenario -->
        <test-method signature="runScenario(io.cucumber.testng.PickleWrapper,io.cucumber.testng.FeatureWrapper)[pri:0, instance:dsAlgoRunner.RunnerTest@4c5ae43b]" started-at="2025-01-24T14:24:52 CST" name="runScenario" description="Runs Cucumber Scenarios" data-provider="scenarios" finished-at="2025-01-24T14:25:15 CST" duration-ms="23132" status="PASS">
          <params>
            <param index="0">
              <value>
                <![CDATA["Verify that valid and invalid python code in TryEditor Tree Traversals"]]>
              </value>
            </param>
            <param index="1">
              <value>
                <![CDATA["Tree functionality"]]>
              </value>
            </param>
          </params>
          <reporter-output>
          </reporter-output>
        </test-method> <!-- runScenario -->
        <test-method signature="runScenario(io.cucumber.testng.PickleWrapper,io.cucumber.testng.FeatureWrapper)[pri:0, instance:dsAlgoRunner.RunnerTest@4c5ae43b]" started-at="2025-01-24T14:24:52 CST" name="runScenario" description="Runs Cucumber Scenarios" data-provider="scenarios" finished-at="2025-01-24T14:25:25 CST" duration-ms="32741" status="PASS">
          <params>
            <param index="0">
              <value>
                <![CDATA["Verify that valid and invalid python code in TryEditor TraversalsIllustration"]]>
              </value>
            </param>
            <param index="1">
              <value>
                <![CDATA["Tree functionality"]]>
              </value>
            </param>
          </params>
          <reporter-output>
          </reporter-output>
        </test-method> <!-- runScenario -->
        <test-method signature="runScenario(io.cucumber.testng.PickleWrapper,io.cucumber.testng.FeatureWrapper)[pri:0, instance:dsAlgoRunner.RunnerTest@4c5ae43b]" started-at="2025-01-24T14:24:53 CST" name="runScenario" description="Runs Cucumber Scenarios" data-provider="scenarios" finished-at="2025-01-24T14:25:14 CST" duration-ms="21391" status="PASS">
          <params>
            <param index="0">
              <value>
                <![CDATA["Verify that valid and invalid python code in TryEditor TraversalsIllustration"]]>
              </value>
            </param>
            <param index="1">
              <value>
                <![CDATA["Tree functionality"]]>
              </value>
            </param>
          </params>
          <reporter-output>
          </reporter-output>
        </test-method> <!-- runScenario -->
        <test-method signature="runScenario(io.cucumber.testng.PickleWrapper,io.cucumber.testng.FeatureWrapper)[pri:0, instance:dsAlgoRunner.RunnerTest@4c5ae43b]" started-at="2025-01-24T14:24:54 CST" name="runScenario" description="Runs Cucumber Scenarios" data-provider="scenarios" finished-at="2025-01-24T14:25:25 CST" duration-ms="30818" status="PASS">
          <params>
            <param index="0">
              <value>
                <![CDATA["Verify that valid and invalid python code in TryEditor BinaryTrees"]]>
              </value>
            </param>
            <param index="1">
              <value>
                <![CDATA["Tree functionality"]]>
              </value>
            </param>
          </params>
          <reporter-output>
          </reporter-output>
        </test-method> <!-- runScenario -->
        <test-method signature="runScenario(io.cucumber.testng.PickleWrapper,io.cucumber.testng.FeatureWrapper)[pri:0, instance:dsAlgoRunner.RunnerTest@4c5ae43b]" started-at="2025-01-24T14:25:00 CST" name="runScenario" description="Runs Cucumber Scenarios" data-provider="scenarios" finished-at="2025-01-24T14:25:27 CST" duration-ms="26310" status="PASS">
          <params>
            <param index="0">
              <value>
                <![CDATA["Verify that valid and invalid python code in TryEditor BinaryTrees"]]>
              </value>
            </param>
            <param index="1">
              <value>
                <![CDATA["Tree functionality"]]>
              </value>
            </param>
          </params>
          <reporter-output>
          </reporter-output>
        </test-method> <!-- runScenario -->
        <test-method signature="runScenario(io.cucumber.testng.PickleWrapper,io.cucumber.testng.FeatureWrapper)[pri:0, instance:dsAlgoRunner.RunnerTest@4c5ae43b]" started-at="2025-01-24T14:25:03 CST" name="runScenario" description="Runs Cucumber Scenarios" data-provider="scenarios" finished-at="2025-01-24T14:25:25 CST" duration-ms="21598" status="PASS">
          <params>
            <param index="0">
              <value>
                <![CDATA["Verify that valid and invalid python code in TryEditor TypesOfBinaryTrees"]]>
              </value>
            </param>
            <param index="1">
              <value>
                <![CDATA["Tree functionality"]]>
              </value>
            </param>
          </params>
          <reporter-output>
          </reporter-output>
        </test-method> <!-- runScenario -->
        <test-method signature="runScenario(io.cucumber.testng.PickleWrapper,io.cucumber.testng.FeatureWrapper)[pri:0, instance:dsAlgoRunner.RunnerTest@4c5ae43b]" started-at="2025-01-24T14:25:14 CST" name="runScenario" description="Runs Cucumber Scenarios" data-provider="scenarios" finished-at="2025-01-24T14:25:44 CST" duration-ms="30327" status="PASS">
          <params>
            <param index="0">
              <value>
                <![CDATA["Verify that valid and invalid python code in TryEditor TypesOfBinaryTrees"]]>
              </value>
            </param>
            <param index="1">
              <value>
                <![CDATA["Tree functionality"]]>
              </value>
            </param>
          </params>
          <reporter-output>
          </reporter-output>
        </test-method> <!-- runScenario -->
        <test-method signature="runScenario(io.cucumber.testng.PickleWrapper,io.cucumber.testng.FeatureWrapper)[pri:0, instance:dsAlgoRunner.RunnerTest@4c5ae43b]" started-at="2025-01-24T14:25:14 CST" name="runScenario" description="Runs Cucumber Scenarios" data-provider="scenarios" finished-at="2025-01-24T14:25:38 CST" duration-ms="24061" status="PASS">
          <params>
            <param index="0">
              <value>
                <![CDATA["Verify that valid and invalid python code in TryEditor ImplementationInPython"]]>
              </value>
            </param>
            <param index="1">
              <value>
                <![CDATA["Tree functionality"]]>
              </value>
            </param>
          </params>
          <reporter-output>
          </reporter-output>
        </test-method> <!-- runScenario -->
        <test-method signature="runScenario(io.cucumber.testng.PickleWrapper,io.cucumber.testng.FeatureWrapper)[pri:0, instance:dsAlgoRunner.RunnerTest@4c5ae43b]" started-at="2025-01-24T14:25:14 CST" name="runScenario" description="Runs Cucumber Scenarios" data-provider="scenarios" finished-at="2025-01-24T14:25:44 CST" duration-ms="30146" status="PASS">
          <params>
            <param index="0">
              <value>
                <![CDATA["Verify that valid and invalid python code in TryEditor ImplementationInPython"]]>
              </value>
            </param>
            <param index="1">
              <value>
                <![CDATA["Tree functionality"]]>
              </value>
            </param>
          </params>
          <reporter-output>
          </reporter-output>
        </test-method> <!-- runScenario -->
        <test-method signature="runScenario(io.cucumber.testng.PickleWrapper,io.cucumber.testng.FeatureWrapper)[pri:0, instance:dsAlgoRunner.RunnerTest@4c5ae43b]" started-at="2025-01-24T14:25:15 CST" name="runScenario" description="Runs Cucumber Scenarios" data-provider="scenarios" finished-at="2025-01-24T14:25:40 CST" duration-ms="24796" status="PASS">
          <params>
            <param index="0">
              <value>
                <![CDATA["Verify that valid and invalid python code in TryEditor BinaryTreeTraversals"]]>
              </value>
            </param>
            <param index="1">
              <value>
                <![CDATA["Tree functionality"]]>
              </value>
            </param>
          </params>
          <reporter-output>
          </reporter-output>
        </test-method> <!-- runScenario -->
        <test-method signature="runScenario(io.cucumber.testng.PickleWrapper,io.cucumber.testng.FeatureWrapper)[pri:0, instance:dsAlgoRunner.RunnerTest@4c5ae43b]" started-at="2025-01-24T14:25:25 CST" name="runScenario" description="Runs Cucumber Scenarios" data-provider="scenarios" finished-at="2025-01-24T14:25:47 CST" duration-ms="22223" status="PASS">
          <params>
            <param index="0">
              <value>
                <![CDATA["Verify that valid and invalid python code in TryEditor BinaryTreeTraversals"]]>
              </value>
            </param>
            <param index="1">
              <value>
                <![CDATA["Tree functionality"]]>
              </value>
            </param>
          </params>
          <reporter-output>
          </reporter-output>
        </test-method> <!-- runScenario -->
        <test-method signature="runScenario(io.cucumber.testng.PickleWrapper,io.cucumber.testng.FeatureWrapper)[pri:0, instance:dsAlgoRunner.RunnerTest@4c5ae43b]" started-at="2025-01-24T14:25:25 CST" name="runScenario" description="Runs Cucumber Scenarios" data-provider="scenarios" finished-at="2025-01-24T14:25:47 CST" duration-ms="22676" status="PASS">
          <params>
            <param index="0">
              <value>
                <![CDATA["Verify that valid and invalid python code in TryEditor ApplicationsOfBinaryTrees"]]>
              </value>
            </param>
            <param index="1">
              <value>
                <![CDATA["Tree functionality"]]>
              </value>
            </param>
          </params>
          <reporter-output>
          </reporter-output>
        </test-method> <!-- runScenario -->
        <test-method signature="runScenario(io.cucumber.testng.PickleWrapper,io.cucumber.testng.FeatureWrapper)[pri:0, instance:dsAlgoRunner.RunnerTest@4c5ae43b]" started-at="2025-01-24T14:25:25 CST" name="runScenario" description="Runs Cucumber Scenarios" data-provider="scenarios" finished-at="2025-01-24T14:25:47 CST" duration-ms="22551" status="PASS">
          <params>
            <param index="0">
              <value>
                <![CDATA["Verify that valid and invalid python code in TryEditor ApplicationsOfBinaryTrees"]]>
              </value>
            </param>
            <param index="1">
              <value>
                <![CDATA["Tree functionality"]]>
              </value>
            </param>
          </params>
          <reporter-output>
          </reporter-output>
        </test-method> <!-- runScenario -->
        <test-method signature="runScenario(io.cucumber.testng.PickleWrapper,io.cucumber.testng.FeatureWrapper)[pri:0, instance:dsAlgoRunner.RunnerTest@4c5ae43b]" started-at="2025-01-24T14:25:25 CST" name="runScenario" description="Runs Cucumber Scenarios" data-provider="scenarios" finished-at="2025-01-24T14:25:48 CST" duration-ms="23493" status="PASS">
          <params>
            <param index="0">
              <value>
                <![CDATA["Verify that valid and invalid python code in TryEditor BinarySearchTrees"]]>
              </value>
            </param>
            <param index="1">
              <value>
                <![CDATA["Tree functionality"]]>
              </value>
            </param>
          </params>
          <reporter-output>
          </reporter-output>
        </test-method> <!-- runScenario -->
        <test-method signature="runScenario(io.cucumber.testng.PickleWrapper,io.cucumber.testng.FeatureWrapper)[pri:0, instance:dsAlgoRunner.RunnerTest@4c5ae43b]" started-at="2025-01-24T14:25:25 CST" name="runScenario" description="Runs Cucumber Scenarios" data-provider="scenarios" finished-at="2025-01-24T14:25:48 CST" duration-ms="23496" status="PASS">
          <params>
            <param index="0">
              <value>
                <![CDATA["Verify that valid and invalid python code in TryEditor BinarySearchTrees"]]>
              </value>
            </param>
            <param index="1">
              <value>
                <![CDATA["Tree functionality"]]>
              </value>
            </param>
          </params>
          <reporter-output>
          </reporter-output>
        </test-method> <!-- runScenario -->
        <test-method signature="runScenario(io.cucumber.testng.PickleWrapper,io.cucumber.testng.FeatureWrapper)[pri:0, instance:dsAlgoRunner.RunnerTest@4c5ae43b]" started-at="2025-01-24T14:25:27 CST" name="runScenario" description="Runs Cucumber Scenarios" data-provider="scenarios" finished-at="2025-01-24T14:25:47 CST" duration-ms="20229" status="PASS">
          <params>
            <param index="0">
              <value>
                <![CDATA["Verify that valid and invalid python code in TryEditor ImplementationOfBST"]]>
              </value>
            </param>
            <param index="1">
              <value>
                <![CDATA["Tree functionality"]]>
              </value>
            </param>
          </params>
          <reporter-output>
          </reporter-output>
        </test-method> <!-- runScenario -->
        <test-method signature="runScenario(io.cucumber.testng.PickleWrapper,io.cucumber.testng.FeatureWrapper)[pri:0, instance:dsAlgoRunner.RunnerTest@4c5ae43b]" started-at="2025-01-24T14:25:38 CST" name="runScenario" description="Runs Cucumber Scenarios" data-provider="scenarios" finished-at="2025-01-24T14:25:50 CST" duration-ms="12009" status="PASS">
          <params>
            <param index="0">
              <value>
                <![CDATA["Verify that valid and invalid python code in TryEditor ImplementationOfBST"]]>
              </value>
            </param>
            <param index="1">
              <value>
                <![CDATA["Tree functionality"]]>
              </value>
            </param>
          </params>
          <reporter-output>
          </reporter-output>
        </test-method> <!-- runScenario -->
        <test-method signature="runScenario(io.cucumber.testng.PickleWrapper,io.cucumber.testng.FeatureWrapper)[pri:0, instance:dsAlgoRunner.RunnerTest@4c5ae43b]" started-at="2025-01-24T14:25:40 CST" name="runScenario" description="Runs Cucumber Scenarios" data-provider="scenarios" finished-at="2025-01-24T14:25:51 CST" duration-ms="10995" status="FAIL">
          <params>
            <param index="0">
              <value>
                <![CDATA["Verify that user receives error when user clicks on run button without entering code in tryeditor for Overview of Trees"]]>
              </value>
            </param>
            <param index="1">
              <value>
                <![CDATA["Tree functionality"]]>
              </value>
            </param>
          </params>
          <exception class="java.lang.AssertionError">
            <message>
              <![CDATA[null]]>
            </message>
            <full-stacktrace>
              <![CDATA[java.lang.AssertionError: null
at org.testng.Assert.fail(Assert.java:111)
at org.testng.Assert.fail(Assert.java:116)
at dsAlgoStepdefinition.GraphSteps.the_user_should_see_an_error_message(GraphSteps.java:192)
at ✽.the user should see an error message(file:///C:/SahanaNUMPYNINJASDET/gitsss/DsAlgoQuesters/src/test/resources/dsAlgoFeatures/Tree.feature:191)
]]>
            </full-stacktrace>
          </exception> <!-- java.lang.AssertionError -->
          <reporter-output>
          </reporter-output>
        </test-method> <!-- runScenario -->
        <test-method signature="runScenario(io.cucumber.testng.PickleWrapper,io.cucumber.testng.FeatureWrapper)[pri:0, instance:dsAlgoRunner.RunnerTest@4c5ae43b]" started-at="2025-01-24T14:25:44 CST" name="runScenario" description="Runs Cucumber Scenarios" data-provider="scenarios" finished-at="2025-01-24T14:25:52 CST" duration-ms="7953" status="PASS">
          <params>
            <param index="0">
              <value>
                <![CDATA["Verify the user is in Practical Question of Overview of Trees"]]>
              </value>
            </param>
            <param index="1">
              <value>
                <![CDATA["Tree functionality"]]>
              </value>
            </param>
          </params>
          <reporter-output>
          </reporter-output>
        </test-method> <!-- runScenario -->
        <test-method signature="runScenario(io.cucumber.testng.PickleWrapper,io.cucumber.testng.FeatureWrapper)[pri:0, instance:dsAlgoRunner.RunnerTest@4c5ae43b]" started-at="2025-01-24T14:25:44 CST" name="runScenario" description="Runs Cucumber Scenarios" data-provider="scenarios" finished-at="2025-01-24T14:25:52 CST" duration-ms="8138" status="FAIL">
          <params>
            <param index="0">
              <value>
                <![CDATA["Verify user can see practice question list"]]>
              </value>
            </param>
            <param index="1">
              <value>
                <![CDATA["Tree functionality"]]>
              </value>
            </param>
          </params>
          <exception class="java.lang.AssertionError">
            <message>
              <![CDATA[null]]>
            </message>
            <full-stacktrace>
              <![CDATA[java.lang.AssertionError: null
at org.testng.Assert.fail(Assert.java:111)
at org.testng.Assert.fail(Assert.java:116)
at dsAlgoStepdefinition.TreeSteps.User_can_see_Practice_Question_List(TreeSteps.java:255)
at ✽.User can see Practice Question List(file:///C:/SahanaNUMPYNINJASDET/gitsss/DsAlgoQuesters/src/test/resources/dsAlgoFeatures/Tree.feature:202)
]]>
            </full-stacktrace>
          </exception> <!-- java.lang.AssertionError -->
          <reporter-output>
          </reporter-output>
        </test-method> <!-- runScenario -->
        <test-method is-config="true" signature="tearDownClass()[pri:0, instance:dsAlgoRunner.RunnerTest@4c5ae43b]" started-at="2025-01-24T14:25:52 CST" name="tearDownClass" finished-at="2025-01-24T14:25:53 CST" duration-ms="1063" status="PASS">
          <reporter-output>
          </reporter-output>
        </test-method> <!-- tearDownClass -->
      </class> <!-- dsAlgoRunner.RunnerTest -->
    </test> <!-- Default test -->
  </suite> <!-- Default suite -->
</testng-results>
